<?xml version="1.0" encoding="utf-8"?><testsuites><testsuite name="pytest" errors="0" failures="1" skipped="1" tests="25" time="1142.181" timestamp="2022-02-03T10:07:38.801996" hostname="P2061RWR"><testcase classname="tests.test_create_account.TestCreateAccount" name="test_register_failed_with_used_email" time="28.194"><system-out>--------------------------------- Captured Log ---------------------------------
#x1B[32mINFO    #x1B[0m root:page_startup.py:28 Clicking the Register button
#x1B[35mDEBUG   #x1B[0m root:page_base.py:138 Clicking on element: "id: com.directed.android.viper.qa:id/startup_register_text_view"
#x1B[35mDEBUG   #x1B[0m root:page_base.py:73 Waiting for element to be present: "id: com.directed.android.viper.qa:id/startup_register_text_view"
#x1B[35mDEBUG   #x1B[0m root:page_base.py:77 Element is present: "id: com.directed.android.viper.qa:id/startup_register_text_view"
#x1B[35mDEBUG   #x1B[0m root:page_base.py:115 Waiting for element to be clickable: "id: com.directed.android.viper.qa:id/startup_register_text_view"
#x1B[35mDEBUG   #x1B[0m root:page_base.py:119 Element is clickable: "id: com.directed.android.viper.qa:id/startup_register_text_view"
#x1B[35mDEBUG   #x1B[0m root:page_base.py:51 Find element: "id: com.directed.android.viper.qa:id/startup_register_text_view"
#x1B[35mDEBUG   #x1B[0m root:page_base.py:54 Element found: "id: com.directed.android.viper.qa:id/startup_register_text_view"
#x1B[32mINFO    #x1B[0m root:page_create_account.py:32 Creating a new account: david.henderickx@ctg.com
#x1B[35mDEBUG   #x1B[0m root:page_base.py:152 Setting text "david.henderickx@ctg.com" on element: "id: com.directed.android.viper.qa:id/create_account_email_edit_text"
#x1B[35mDEBUG   #x1B[0m root:page_base.py:73 Waiting for element to be present: "id: com.directed.android.viper.qa:id/create_account_email_edit_text"
#x1B[35mDEBUG   #x1B[0m root:page_base.py:77 Element is present: "id: com.directed.android.viper.qa:id/create_account_email_edit_text"
#x1B[35mDEBUG   #x1B[0m root:page_base.py:115 Waiting for element to be clickable: "id: com.directed.android.viper.qa:id/create_account_email_edit_text"
#x1B[35mDEBUG   #x1B[0m root:page_base.py:119 Element is clickable: "id: com.directed.android.viper.qa:id/create_account_email_edit_text"
#x1B[35mDEBUG   #x1B[0m root:page_base.py:145 Clearing text of element: "id: com.directed.android.viper.qa:id/create_account_email_edit_text"
#x1B[35mDEBUG   #x1B[0m root:page_base.py:73 Waiting for element to be present: "id: com.directed.android.viper.qa:id/create_account_email_edit_text"
#x1B[35mDEBUG   #x1B[0m root:page_base.py:77 Element is present: "id: com.directed.android.viper.qa:id/create_account_email_edit_text"
#x1B[35mDEBUG   #x1B[0m root:page_base.py:115 Waiting for element to be clickable: "id: com.directed.android.viper.qa:id/create_account_email_edit_text"
#x1B[35mDEBUG   #x1B[0m root:page_base.py:119 Element is clickable: "id: com.directed.android.viper.qa:id/create_account_email_edit_text"
#x1B[35mDEBUG   #x1B[0m root:page_base.py:51 Find element: "id: com.directed.android.viper.qa:id/create_account_email_edit_text"
#x1B[35mDEBUG   #x1B[0m root:page_base.py:54 Element found: "id: com.directed.android.viper.qa:id/create_account_email_edit_text"
#x1B[35mDEBUG   #x1B[0m root:page_base.py:160 Adding text "david.henderickx@ctg.com" to element: "id: com.directed.android.viper.qa:id/create_account_email_edit_text"
#x1B[35mDEBUG   #x1B[0m root:page_base.py:73 Waiting for element to be present: "id: com.directed.android.viper.qa:id/create_account_email_edit_text"
#x1B[35mDEBUG   #x1B[0m root:page_base.py:77 Element is present: "id: com.directed.android.viper.qa:id/create_account_email_edit_text"
#x1B[35mDEBUG   #x1B[0m root:page_base.py:115 Waiting for element to be clickable: "id: com.directed.android.viper.qa:id/create_account_email_edit_text"
#x1B[35mDEBUG   #x1B[0m root:page_base.py:119 Element is clickable: "id: com.directed.android.viper.qa:id/create_account_email_edit_text"
#x1B[35mDEBUG   #x1B[0m root:page_base.py:51 Find element: "id: com.directed.android.viper.qa:id/create_account_email_edit_text"
#x1B[35mDEBUG   #x1B[0m root:page_base.py:54 Element found: "id: com.directed.android.viper.qa:id/create_account_email_edit_text"
#x1B[35mDEBUG   #x1B[0m root:page_base.py:138 Clicking on element: "id: com.directed.android.viper.qa:id/create_account_submit_button"
#x1B[35mDEBUG   #x1B[0m root:page_base.py:73 Waiting for element to be present: "id: com.directed.android.viper.qa:id/create_account_submit_button"
#x1B[35mDEBUG   #x1B[0m root:page_base.py:77 Element is present: "id: com.directed.android.viper.qa:id/create_account_submit_button"
#x1B[35mDEBUG   #x1B[0m root:page_base.py:115 Waiting for element to be clickable: "id: com.directed.android.viper.qa:id/create_account_submit_button"
#x1B[35mDEBUG   #x1B[0m root:page_base.py:119 Element is clickable: "id: com.directed.android.viper.qa:id/create_account_submit_button"
#x1B[35mDEBUG   #x1B[0m root:page_base.py:51 Find element: "id: com.directed.android.viper.qa:id/create_account_submit_button"
#x1B[35mDEBUG   #x1B[0m root:page_base.py:54 Element found: "id: com.directed.android.viper.qa:id/create_account_submit_button"
#x1B[35mDEBUG   #x1B[0m root:page_base.py:168 Getting the text from element: "id: com.directed.android.viper.qa:id/create_account_email_error_text_view"
#x1B[35mDEBUG   #x1B[0m root:page_base.py:73 Waiting for element to be present: "id: com.directed.android.viper.qa:id/create_account_email_error_text_view"
#x1B[35mDEBUG   #x1B[0m root:page_base.py:77 Element is present: "id: com.directed.android.viper.qa:id/create_account_email_error_text_view"
#x1B[35mDEBUG   #x1B[0m root:page_base.py:103 Waiting for element to be visible: "id: com.directed.android.viper.qa:id/create_account_email_error_text_view"
#x1B[35mDEBUG   #x1B[0m root:page_base.py:107 Element is visible: "id: com.directed.android.viper.qa:id/create_account_email_error_text_view"
#x1B[35mDEBUG   #x1B[0m root:page_base.py:51 Find element: "id: com.directed.android.viper.qa:id/create_account_email_error_text_view"
#x1B[35mDEBUG   #x1B[0m root:page_base.py:54 Element found: "id: com.directed.android.viper.qa:id/create_account_email_error_text_view"
#x1B[35mDEBUG   #x1B[0m root:page_base.py:168 Getting the text from element: "id: com.directed.android.viper.qa:id/create_account_email_error_sub_text_view"
#x1B[35mDEBUG   #x1B[0m root:page_base.py:73 Waiting for element to be present: "id: com.directed.android.viper.qa:id/create_account_email_error_sub_text_view"
#x1B[35mDEBUG   #x1B[0m root:page_base.py:77 Element is present: "id: com.directed.android.viper.qa:id/create_account_email_error_sub_text_view"
#x1B[35mDEBUG   #x1B[0m root:page_base.py:103 Waiting for element to be visible: "id: com.directed.android.viper.qa:id/create_account_email_error_sub_text_view"
#x1B[35mDEBUG   #x1B[0m root:page_base.py:107 Element is visible: "id: com.directed.android.viper.qa:id/create_account_email_error_sub_text_view"
#x1B[35mDEBUG   #x1B[0m root:page_base.py:51 Find element: "id: com.directed.android.viper.qa:id/create_account_email_error_sub_text_view"
#x1B[35mDEBUG   #x1B[0m root:page_base.py:54 Element found: "id: com.directed.android.viper.qa:id/create_account_email_error_sub_text_view"
#x1B[35mDEBUG   #x1B[0m root:page_base.py:223 Checking if element is displayed: "id: com.directed.android.viper.qa:id/create_account_login_to_account_text_view"
#x1B[35mDEBUG   #x1B[0m root:page_base.py:73 Waiting for element to be present: "id: com.directed.android.viper.qa:id/create_account_login_to_account_text_view"
#x1B[35mDEBUG   #x1B[0m root:page_base.py:77 Element is present: "id: com.directed.android.viper.qa:id/create_account_login_to_account_text_view"
#x1B[35mDEBUG   #x1B[0m root:page_base.py:232 Element is displayed
--------------------------------- Captured Out ---------------------------------

</system-out><system-err>--------------------------------- Captured Err ---------------------------------
Direct connect capabilities from server were:
directConnectProtocol: '' directConnectHost: '' directConnectPort: '' directConnectPath: '' 

</system-err></testcase><testcase classname="tests.test_create_account.TestCreateAccount" name="test_register_failed_email_without_point" time="22.515"><system-out>--------------------------------- Captured Log ---------------------------------
#x1B[32mINFO    #x1B[0m root:page_startup.py:28 Clicking the Register button
#x1B[35mDEBUG   #x1B[0m root:page_base.py:138 Clicking on element: "id: com.directed.android.viper.qa:id/startup_register_text_view"
#x1B[35mDEBUG   #x1B[0m root:page_base.py:73 Waiting for element to be present: "id: com.directed.android.viper.qa:id/startup_register_text_view"
#x1B[35mDEBUG   #x1B[0m root:page_base.py:77 Element is present: "id: com.directed.android.viper.qa:id/startup_register_text_view"
#x1B[35mDEBUG   #x1B[0m root:page_base.py:115 Waiting for element to be clickable: "id: com.directed.android.viper.qa:id/startup_register_text_view"
#x1B[35mDEBUG   #x1B[0m root:page_base.py:119 Element is clickable: "id: com.directed.android.viper.qa:id/startup_register_text_view"
#x1B[35mDEBUG   #x1B[0m root:page_base.py:51 Find element: "id: com.directed.android.viper.qa:id/startup_register_text_view"
#x1B[35mDEBUG   #x1B[0m root:page_base.py:54 Element found: "id: com.directed.android.viper.qa:id/startup_register_text_view"
#x1B[32mINFO    #x1B[0m root:page_create_account.py:32 Creating a new account: email.without@dotcom
#x1B[35mDEBUG   #x1B[0m root:page_base.py:152 Setting text "email.without@dotcom" on element: "id: com.directed.android.viper.qa:id/create_account_email_edit_text"
#x1B[35mDEBUG   #x1B[0m root:page_base.py:73 Waiting for element to be present: "id: com.directed.android.viper.qa:id/create_account_email_edit_text"
#x1B[35mDEBUG   #x1B[0m root:page_base.py:77 Element is present: "id: com.directed.android.viper.qa:id/create_account_email_edit_text"
#x1B[35mDEBUG   #x1B[0m root:page_base.py:115 Waiting for element to be clickable: "id: com.directed.android.viper.qa:id/create_account_email_edit_text"
#x1B[35mDEBUG   #x1B[0m root:page_base.py:119 Element is clickable: "id: com.directed.android.viper.qa:id/create_account_email_edit_text"
#x1B[35mDEBUG   #x1B[0m root:page_base.py:145 Clearing text of element: "id: com.directed.android.viper.qa:id/create_account_email_edit_text"
#x1B[35mDEBUG   #x1B[0m root:page_base.py:73 Waiting for element to be present: "id: com.directed.android.viper.qa:id/create_account_email_edit_text"
#x1B[35mDEBUG   #x1B[0m root:page_base.py:77 Element is present: "id: com.directed.android.viper.qa:id/create_account_email_edit_text"
#x1B[35mDEBUG   #x1B[0m root:page_base.py:115 Waiting for element to be clickable: "id: com.directed.android.viper.qa:id/create_account_email_edit_text"
#x1B[35mDEBUG   #x1B[0m root:page_base.py:119 Element is clickable: "id: com.directed.android.viper.qa:id/create_account_email_edit_text"
#x1B[35mDEBUG   #x1B[0m root:page_base.py:51 Find element: "id: com.directed.android.viper.qa:id/create_account_email_edit_text"
#x1B[35mDEBUG   #x1B[0m root:page_base.py:54 Element found: "id: com.directed.android.viper.qa:id/create_account_email_edit_text"
#x1B[35mDEBUG   #x1B[0m root:page_base.py:160 Adding text "email.without@dotcom" to element: "id: com.directed.android.viper.qa:id/create_account_email_edit_text"
#x1B[35mDEBUG   #x1B[0m root:page_base.py:73 Waiting for element to be present: "id: com.directed.android.viper.qa:id/create_account_email_edit_text"
#x1B[35mDEBUG   #x1B[0m root:page_base.py:77 Element is present: "id: com.directed.android.viper.qa:id/create_account_email_edit_text"
#x1B[35mDEBUG   #x1B[0m root:page_base.py:115 Waiting for element to be clickable: "id: com.directed.android.viper.qa:id/create_account_email_edit_text"
#x1B[35mDEBUG   #x1B[0m root:page_base.py:119 Element is clickable: "id: com.directed.android.viper.qa:id/create_account_email_edit_text"
#x1B[35mDEBUG   #x1B[0m root:page_base.py:51 Find element: "id: com.directed.android.viper.qa:id/create_account_email_edit_text"
#x1B[35mDEBUG   #x1B[0m root:page_base.py:54 Element found: "id: com.directed.android.viper.qa:id/create_account_email_edit_text"
#x1B[35mDEBUG   #x1B[0m root:page_base.py:138 Clicking on element: "id: com.directed.android.viper.qa:id/create_account_submit_button"
#x1B[35mDEBUG   #x1B[0m root:page_base.py:73 Waiting for element to be present: "id: com.directed.android.viper.qa:id/create_account_submit_button"
#x1B[35mDEBUG   #x1B[0m root:page_base.py:77 Element is present: "id: com.directed.android.viper.qa:id/create_account_submit_button"
#x1B[35mDEBUG   #x1B[0m root:page_base.py:115 Waiting for element to be clickable: "id: com.directed.android.viper.qa:id/create_account_submit_button"
#x1B[35mDEBUG   #x1B[0m root:page_base.py:119 Element is clickable: "id: com.directed.android.viper.qa:id/create_account_submit_button"
#x1B[35mDEBUG   #x1B[0m root:page_base.py:51 Find element: "id: com.directed.android.viper.qa:id/create_account_submit_button"
#x1B[35mDEBUG   #x1B[0m root:page_base.py:54 Element found: "id: com.directed.android.viper.qa:id/create_account_submit_button"
#x1B[35mDEBUG   #x1B[0m root:page_base.py:168 Getting the text from element: "id: com.directed.android.viper.qa:id/create_account_email_error_text_view"
#x1B[35mDEBUG   #x1B[0m root:page_base.py:73 Waiting for element to be present: "id: com.directed.android.viper.qa:id/create_account_email_error_text_view"
#x1B[35mDEBUG   #x1B[0m root:page_base.py:77 Element is present: "id: com.directed.android.viper.qa:id/create_account_email_error_text_view"
#x1B[35mDEBUG   #x1B[0m root:page_base.py:103 Waiting for element to be visible: "id: com.directed.android.viper.qa:id/create_account_email_error_text_view"
#x1B[35mDEBUG   #x1B[0m root:page_base.py:107 Element is visible: "id: com.directed.android.viper.qa:id/create_account_email_error_text_view"
#x1B[35mDEBUG   #x1B[0m root:page_base.py:51 Find element: "id: com.directed.android.viper.qa:id/create_account_email_error_text_view"
#x1B[35mDEBUG   #x1B[0m root:page_base.py:54 Element found: "id: com.directed.android.viper.qa:id/create_account_email_error_text_view"
--------------------------------- Captured Out ---------------------------------

</system-out><system-err>--------------------------------- Captured Err ---------------------------------
Direct connect capabilities from server were:
directConnectProtocol: '' directConnectHost: '' directConnectPort: '' directConnectPath: '' 

</system-err></testcase><testcase classname="tests.test_create_account.TestCreateAccount" name="test_register_failed_email_without_at" time="23.926"><system-out>--------------------------------- Captured Log ---------------------------------
#x1B[32mINFO    #x1B[0m root:page_startup.py:28 Clicking the Register button
#x1B[35mDEBUG   #x1B[0m root:page_base.py:138 Clicking on element: "id: com.directed.android.viper.qa:id/startup_register_text_view"
#x1B[35mDEBUG   #x1B[0m root:page_base.py:73 Waiting for element to be present: "id: com.directed.android.viper.qa:id/startup_register_text_view"
#x1B[35mDEBUG   #x1B[0m root:page_base.py:77 Element is present: "id: com.directed.android.viper.qa:id/startup_register_text_view"
#x1B[35mDEBUG   #x1B[0m root:page_base.py:115 Waiting for element to be clickable: "id: com.directed.android.viper.qa:id/startup_register_text_view"
#x1B[35mDEBUG   #x1B[0m root:page_base.py:119 Element is clickable: "id: com.directed.android.viper.qa:id/startup_register_text_view"
#x1B[35mDEBUG   #x1B[0m root:page_base.py:51 Find element: "id: com.directed.android.viper.qa:id/startup_register_text_view"
#x1B[35mDEBUG   #x1B[0m root:page_base.py:54 Element found: "id: com.directed.android.viper.qa:id/startup_register_text_view"
#x1B[32mINFO    #x1B[0m root:page_create_account.py:32 Creating a new account: email.withoutat.com
#x1B[35mDEBUG   #x1B[0m root:page_base.py:152 Setting text "email.withoutat.com" on element: "id: com.directed.android.viper.qa:id/create_account_email_edit_text"
#x1B[35mDEBUG   #x1B[0m root:page_base.py:73 Waiting for element to be present: "id: com.directed.android.viper.qa:id/create_account_email_edit_text"
#x1B[35mDEBUG   #x1B[0m root:page_base.py:77 Element is present: "id: com.directed.android.viper.qa:id/create_account_email_edit_text"
#x1B[35mDEBUG   #x1B[0m root:page_base.py:115 Waiting for element to be clickable: "id: com.directed.android.viper.qa:id/create_account_email_edit_text"
#x1B[35mDEBUG   #x1B[0m root:page_base.py:119 Element is clickable: "id: com.directed.android.viper.qa:id/create_account_email_edit_text"
#x1B[35mDEBUG   #x1B[0m root:page_base.py:145 Clearing text of element: "id: com.directed.android.viper.qa:id/create_account_email_edit_text"
#x1B[35mDEBUG   #x1B[0m root:page_base.py:73 Waiting for element to be present: "id: com.directed.android.viper.qa:id/create_account_email_edit_text"
#x1B[35mDEBUG   #x1B[0m root:page_base.py:77 Element is present: "id: com.directed.android.viper.qa:id/create_account_email_edit_text"
#x1B[35mDEBUG   #x1B[0m root:page_base.py:115 Waiting for element to be clickable: "id: com.directed.android.viper.qa:id/create_account_email_edit_text"
#x1B[35mDEBUG   #x1B[0m root:page_base.py:119 Element is clickable: "id: com.directed.android.viper.qa:id/create_account_email_edit_text"
#x1B[35mDEBUG   #x1B[0m root:page_base.py:51 Find element: "id: com.directed.android.viper.qa:id/create_account_email_edit_text"
#x1B[35mDEBUG   #x1B[0m root:page_base.py:54 Element found: "id: com.directed.android.viper.qa:id/create_account_email_edit_text"
#x1B[35mDEBUG   #x1B[0m root:page_base.py:160 Adding text "email.withoutat.com" to element: "id: com.directed.android.viper.qa:id/create_account_email_edit_text"
#x1B[35mDEBUG   #x1B[0m root:page_base.py:73 Waiting for element to be present: "id: com.directed.android.viper.qa:id/create_account_email_edit_text"
#x1B[35mDEBUG   #x1B[0m root:page_base.py:77 Element is present: "id: com.directed.android.viper.qa:id/create_account_email_edit_text"
#x1B[35mDEBUG   #x1B[0m root:page_base.py:115 Waiting for element to be clickable: "id: com.directed.android.viper.qa:id/create_account_email_edit_text"
#x1B[35mDEBUG   #x1B[0m root:page_base.py:119 Element is clickable: "id: com.directed.android.viper.qa:id/create_account_email_edit_text"
#x1B[35mDEBUG   #x1B[0m root:page_base.py:51 Find element: "id: com.directed.android.viper.qa:id/create_account_email_edit_text"
#x1B[35mDEBUG   #x1B[0m root:page_base.py:54 Element found: "id: com.directed.android.viper.qa:id/create_account_email_edit_text"
#x1B[35mDEBUG   #x1B[0m root:page_base.py:138 Clicking on element: "id: com.directed.android.viper.qa:id/create_account_submit_button"
#x1B[35mDEBUG   #x1B[0m root:page_base.py:73 Waiting for element to be present: "id: com.directed.android.viper.qa:id/create_account_submit_button"
#x1B[35mDEBUG   #x1B[0m root:page_base.py:77 Element is present: "id: com.directed.android.viper.qa:id/create_account_submit_button"
#x1B[35mDEBUG   #x1B[0m root:page_base.py:115 Waiting for element to be clickable: "id: com.directed.android.viper.qa:id/create_account_submit_button"
#x1B[35mDEBUG   #x1B[0m root:page_base.py:119 Element is clickable: "id: com.directed.android.viper.qa:id/create_account_submit_button"
#x1B[35mDEBUG   #x1B[0m root:page_base.py:51 Find element: "id: com.directed.android.viper.qa:id/create_account_submit_button"
#x1B[35mDEBUG   #x1B[0m root:page_base.py:54 Element found: "id: com.directed.android.viper.qa:id/create_account_submit_button"
#x1B[35mDEBUG   #x1B[0m root:page_base.py:168 Getting the text from element: "id: com.directed.android.viper.qa:id/create_account_email_error_text_view"
#x1B[35mDEBUG   #x1B[0m root:page_base.py:73 Waiting for element to be present: "id: com.directed.android.viper.qa:id/create_account_email_error_text_view"
#x1B[35mDEBUG   #x1B[0m root:page_base.py:77 Element is present: "id: com.directed.android.viper.qa:id/create_account_email_error_text_view"
#x1B[35mDEBUG   #x1B[0m root:page_base.py:103 Waiting for element to be visible: "id: com.directed.android.viper.qa:id/create_account_email_error_text_view"
#x1B[35mDEBUG   #x1B[0m root:page_base.py:107 Element is visible: "id: com.directed.android.viper.qa:id/create_account_email_error_text_view"
#x1B[35mDEBUG   #x1B[0m root:page_base.py:51 Find element: "id: com.directed.android.viper.qa:id/create_account_email_error_text_view"
#x1B[35mDEBUG   #x1B[0m root:page_base.py:54 Element found: "id: com.directed.android.viper.qa:id/create_account_email_error_text_view"
--------------------------------- Captured Out ---------------------------------

</system-out><system-err>--------------------------------- Captured Err ---------------------------------
Direct connect capabilities from server were:
directConnectProtocol: '' directConnectHost: '' directConnectPort: '' directConnectPath: '' 

</system-err></testcase><testcase classname="tests.test_create_account.TestCreateAccount" name="test_not_registered_email_goes_to_create_account" time="25.811"><system-out>--------------------------------- Captured Log ---------------------------------
#x1B[32mINFO    #x1B[0m root:page_startup.py:28 Clicking the Register button
#x1B[35mDEBUG   #x1B[0m root:page_base.py:138 Clicking on element: "id: com.directed.android.viper.qa:id/startup_register_text_view"
#x1B[35mDEBUG   #x1B[0m root:page_base.py:73 Waiting for element to be present: "id: com.directed.android.viper.qa:id/startup_register_text_view"
#x1B[35mDEBUG   #x1B[0m root:page_base.py:77 Element is present: "id: com.directed.android.viper.qa:id/startup_register_text_view"
#x1B[35mDEBUG   #x1B[0m root:page_base.py:115 Waiting for element to be clickable: "id: com.directed.android.viper.qa:id/startup_register_text_view"
#x1B[35mDEBUG   #x1B[0m root:page_base.py:119 Element is clickable: "id: com.directed.android.viper.qa:id/startup_register_text_view"
#x1B[35mDEBUG   #x1B[0m root:page_base.py:51 Find element: "id: com.directed.android.viper.qa:id/startup_register_text_view"
#x1B[35mDEBUG   #x1B[0m root:page_base.py:54 Element found: "id: com.directed.android.viper.qa:id/startup_register_text_view"
#x1B[32mINFO    #x1B[0m root:page_create_account.py:32 Creating a new account: valid@email.com
#x1B[35mDEBUG   #x1B[0m root:page_base.py:152 Setting text "valid@email.com" on element: "id: com.directed.android.viper.qa:id/create_account_email_edit_text"
#x1B[35mDEBUG   #x1B[0m root:page_base.py:73 Waiting for element to be present: "id: com.directed.android.viper.qa:id/create_account_email_edit_text"
#x1B[35mDEBUG   #x1B[0m root:page_base.py:77 Element is present: "id: com.directed.android.viper.qa:id/create_account_email_edit_text"
#x1B[35mDEBUG   #x1B[0m root:page_base.py:115 Waiting for element to be clickable: "id: com.directed.android.viper.qa:id/create_account_email_edit_text"
#x1B[35mDEBUG   #x1B[0m root:page_base.py:119 Element is clickable: "id: com.directed.android.viper.qa:id/create_account_email_edit_text"
#x1B[35mDEBUG   #x1B[0m root:page_base.py:145 Clearing text of element: "id: com.directed.android.viper.qa:id/create_account_email_edit_text"
#x1B[35mDEBUG   #x1B[0m root:page_base.py:73 Waiting for element to be present: "id: com.directed.android.viper.qa:id/create_account_email_edit_text"
#x1B[35mDEBUG   #x1B[0m root:page_base.py:77 Element is present: "id: com.directed.android.viper.qa:id/create_account_email_edit_text"
#x1B[35mDEBUG   #x1B[0m root:page_base.py:115 Waiting for element to be clickable: "id: com.directed.android.viper.qa:id/create_account_email_edit_text"
#x1B[35mDEBUG   #x1B[0m root:page_base.py:119 Element is clickable: "id: com.directed.android.viper.qa:id/create_account_email_edit_text"
#x1B[35mDEBUG   #x1B[0m root:page_base.py:51 Find element: "id: com.directed.android.viper.qa:id/create_account_email_edit_text"
#x1B[35mDEBUG   #x1B[0m root:page_base.py:54 Element found: "id: com.directed.android.viper.qa:id/create_account_email_edit_text"
#x1B[35mDEBUG   #x1B[0m root:page_base.py:160 Adding text "valid@email.com" to element: "id: com.directed.android.viper.qa:id/create_account_email_edit_text"
#x1B[35mDEBUG   #x1B[0m root:page_base.py:73 Waiting for element to be present: "id: com.directed.android.viper.qa:id/create_account_email_edit_text"
#x1B[35mDEBUG   #x1B[0m root:page_base.py:77 Element is present: "id: com.directed.android.viper.qa:id/create_account_email_edit_text"
#x1B[35mDEBUG   #x1B[0m root:page_base.py:115 Waiting for element to be clickable: "id: com.directed.android.viper.qa:id/create_account_email_edit_text"
#x1B[35mDEBUG   #x1B[0m root:page_base.py:119 Element is clickable: "id: com.directed.android.viper.qa:id/create_account_email_edit_text"
#x1B[35mDEBUG   #x1B[0m root:page_base.py:51 Find element: "id: com.directed.android.viper.qa:id/create_account_email_edit_text"
#x1B[35mDEBUG   #x1B[0m root:page_base.py:54 Element found: "id: com.directed.android.viper.qa:id/create_account_email_edit_text"
#x1B[35mDEBUG   #x1B[0m root:page_base.py:138 Clicking on element: "id: com.directed.android.viper.qa:id/create_account_submit_button"
#x1B[35mDEBUG   #x1B[0m root:page_base.py:73 Waiting for element to be present: "id: com.directed.android.viper.qa:id/create_account_submit_button"
#x1B[35mDEBUG   #x1B[0m root:page_base.py:77 Element is present: "id: com.directed.android.viper.qa:id/create_account_submit_button"
#x1B[35mDEBUG   #x1B[0m root:page_base.py:115 Waiting for element to be clickable: "id: com.directed.android.viper.qa:id/create_account_submit_button"
#x1B[35mDEBUG   #x1B[0m root:page_base.py:119 Element is clickable: "id: com.directed.android.viper.qa:id/create_account_submit_button"
#x1B[35mDEBUG   #x1B[0m root:page_base.py:51 Find element: "id: com.directed.android.viper.qa:id/create_account_submit_button"
#x1B[35mDEBUG   #x1B[0m root:page_base.py:54 Element found: "id: com.directed.android.viper.qa:id/create_account_submit_button"
#x1B[35mDEBUG   #x1B[0m root:page_base.py:223 Checking if element is displayed: "id: com.directed.android.viper.qa:id/create_account_email_accepted_text_view"
#x1B[35mDEBUG   #x1B[0m root:page_base.py:73 Waiting for element to be present: "id: com.directed.android.viper.qa:id/create_account_email_accepted_text_view"
#x1B[35mDEBUG   #x1B[0m root:page_base.py:77 Element is present: "id: com.directed.android.viper.qa:id/create_account_email_accepted_text_view"
#x1B[35mDEBUG   #x1B[0m root:page_base.py:232 Element is displayed
--------------------------------- Captured Out ---------------------------------

</system-out><system-err>--------------------------------- Captured Err ---------------------------------
Direct connect capabilities from server were:
directConnectProtocol: '' directConnectHost: '' directConnectPort: '' directConnectPath: '' 

</system-err></testcase><testcase classname="tests.test_create_account.TestCreateAccount" name="test_create_account_failed_without_first_name" time="29.326"><system-out>--------------------------------- Captured Log ---------------------------------
#x1B[32mINFO    #x1B[0m root:page_startup.py:28 Clicking the Register button
#x1B[35mDEBUG   #x1B[0m root:page_base.py:138 Clicking on element: "id: com.directed.android.viper.qa:id/startup_register_text_view"
#x1B[35mDEBUG   #x1B[0m root:page_base.py:73 Waiting for element to be present: "id: com.directed.android.viper.qa:id/startup_register_text_view"
#x1B[35mDEBUG   #x1B[0m root:page_base.py:77 Element is present: "id: com.directed.android.viper.qa:id/startup_register_text_view"
#x1B[35mDEBUG   #x1B[0m root:page_base.py:115 Waiting for element to be clickable: "id: com.directed.android.viper.qa:id/startup_register_text_view"
#x1B[35mDEBUG   #x1B[0m root:page_base.py:119 Element is clickable: "id: com.directed.android.viper.qa:id/startup_register_text_view"
#x1B[35mDEBUG   #x1B[0m root:page_base.py:51 Find element: "id: com.directed.android.viper.qa:id/startup_register_text_view"
#x1B[35mDEBUG   #x1B[0m root:page_base.py:54 Element found: "id: com.directed.android.viper.qa:id/startup_register_text_view"
#x1B[32mINFO    #x1B[0m root:page_create_account.py:32 Creating a new account: valid@email.com
#x1B[35mDEBUG   #x1B[0m root:page_base.py:152 Setting text "valid@email.com" on element: "id: com.directed.android.viper.qa:id/create_account_email_edit_text"
#x1B[35mDEBUG   #x1B[0m root:page_base.py:73 Waiting for element to be present: "id: com.directed.android.viper.qa:id/create_account_email_edit_text"
#x1B[35mDEBUG   #x1B[0m root:page_base.py:77 Element is present: "id: com.directed.android.viper.qa:id/create_account_email_edit_text"
#x1B[35mDEBUG   #x1B[0m root:page_base.py:115 Waiting for element to be clickable: "id: com.directed.android.viper.qa:id/create_account_email_edit_text"
#x1B[35mDEBUG   #x1B[0m root:page_base.py:119 Element is clickable: "id: com.directed.android.viper.qa:id/create_account_email_edit_text"
#x1B[35mDEBUG   #x1B[0m root:page_base.py:145 Clearing text of element: "id: com.directed.android.viper.qa:id/create_account_email_edit_text"
#x1B[35mDEBUG   #x1B[0m root:page_base.py:73 Waiting for element to be present: "id: com.directed.android.viper.qa:id/create_account_email_edit_text"
#x1B[35mDEBUG   #x1B[0m root:page_base.py:77 Element is present: "id: com.directed.android.viper.qa:id/create_account_email_edit_text"
#x1B[35mDEBUG   #x1B[0m root:page_base.py:115 Waiting for element to be clickable: "id: com.directed.android.viper.qa:id/create_account_email_edit_text"
#x1B[35mDEBUG   #x1B[0m root:page_base.py:119 Element is clickable: "id: com.directed.android.viper.qa:id/create_account_email_edit_text"
#x1B[35mDEBUG   #x1B[0m root:page_base.py:51 Find element: "id: com.directed.android.viper.qa:id/create_account_email_edit_text"
#x1B[35mDEBUG   #x1B[0m root:page_base.py:54 Element found: "id: com.directed.android.viper.qa:id/create_account_email_edit_text"
#x1B[35mDEBUG   #x1B[0m root:page_base.py:160 Adding text "valid@email.com" to element: "id: com.directed.android.viper.qa:id/create_account_email_edit_text"
#x1B[35mDEBUG   #x1B[0m root:page_base.py:73 Waiting for element to be present: "id: com.directed.android.viper.qa:id/create_account_email_edit_text"
#x1B[35mDEBUG   #x1B[0m root:page_base.py:77 Element is present: "id: com.directed.android.viper.qa:id/create_account_email_edit_text"
#x1B[35mDEBUG   #x1B[0m root:page_base.py:115 Waiting for element to be clickable: "id: com.directed.android.viper.qa:id/create_account_email_edit_text"
#x1B[35mDEBUG   #x1B[0m root:page_base.py:119 Element is clickable: "id: com.directed.android.viper.qa:id/create_account_email_edit_text"
#x1B[35mDEBUG   #x1B[0m root:page_base.py:51 Find element: "id: com.directed.android.viper.qa:id/create_account_email_edit_text"
#x1B[35mDEBUG   #x1B[0m root:page_base.py:54 Element found: "id: com.directed.android.viper.qa:id/create_account_email_edit_text"
#x1B[35mDEBUG   #x1B[0m root:page_base.py:138 Clicking on element: "id: com.directed.android.viper.qa:id/create_account_submit_button"
#x1B[35mDEBUG   #x1B[0m root:page_base.py:73 Waiting for element to be present: "id: com.directed.android.viper.qa:id/create_account_submit_button"
#x1B[35mDEBUG   #x1B[0m root:page_base.py:77 Element is present: "id: com.directed.android.viper.qa:id/create_account_submit_button"
#x1B[35mDEBUG   #x1B[0m root:page_base.py:115 Waiting for element to be clickable: "id: com.directed.android.viper.qa:id/create_account_submit_button"
#x1B[35mDEBUG   #x1B[0m root:page_base.py:119 Element is clickable: "id: com.directed.android.viper.qa:id/create_account_submit_button"
#x1B[35mDEBUG   #x1B[0m root:page_base.py:51 Find element: "id: com.directed.android.viper.qa:id/create_account_submit_button"
#x1B[35mDEBUG   #x1B[0m root:page_base.py:54 Element found: "id: com.directed.android.viper.qa:id/create_account_submit_button"
#x1B[32mINFO    #x1B[0m root:page_create_account.py:46 Register a new account. firstname: '' - lastname: '' - Password: 'V@l!dp@55'
#x1B[35mDEBUG   #x1B[0m root:page_base.py:152 Setting text "" on element: "id: com.directed.android.viper.qa:id/create_account_first_name_edit_text"
#x1B[35mDEBUG   #x1B[0m root:page_base.py:73 Waiting for element to be present: "id: com.directed.android.viper.qa:id/create_account_first_name_edit_text"
#x1B[35mDEBUG   #x1B[0m root:page_base.py:77 Element is present: "id: com.directed.android.viper.qa:id/create_account_first_name_edit_text"
#x1B[35mDEBUG   #x1B[0m root:page_base.py:115 Waiting for element to be clickable: "id: com.directed.android.viper.qa:id/create_account_first_name_edit_text"
#x1B[35mDEBUG   #x1B[0m root:page_base.py:119 Element is clickable: "id: com.directed.android.viper.qa:id/create_account_first_name_edit_text"
#x1B[35mDEBUG   #x1B[0m root:page_base.py:145 Clearing text of element: "id: com.directed.android.viper.qa:id/create_account_first_name_edit_text"
#x1B[35mDEBUG   #x1B[0m root:page_base.py:73 Waiting for element to be present: "id: com.directed.android.viper.qa:id/create_account_first_name_edit_text"
#x1B[35mDEBUG   #x1B[0m root:page_base.py:77 Element is present: "id: com.directed.android.viper.qa:id/create_account_first_name_edit_text"
#x1B[35mDEBUG   #x1B[0m root:page_base.py:115 Waiting for element to be clickable: "id: com.directed.android.viper.qa:id/create_account_first_name_edit_text"
#x1B[35mDEBUG   #x1B[0m root:page_base.py:119 Element is clickable: "id: com.directed.android.viper.qa:id/create_account_first_name_edit_text"
#x1B[35mDEBUG   #x1B[0m root:page_base.py:51 Find element: "id: com.directed.android.viper.qa:id/create_account_first_name_edit_text"
#x1B[35mDEBUG   #x1B[0m root:page_base.py:54 Element found: "id: com.directed.android.viper.qa:id/create_account_first_name_edit_text"
#x1B[35mDEBUG   #x1B[0m root:page_base.py:160 Adding text "" to element: "id: com.directed.android.viper.qa:id/create_account_first_name_edit_text"
#x1B[35mDEBUG   #x1B[0m root:page_base.py:73 Waiting for element to be present: "id: com.directed.android.viper.qa:id/create_account_first_name_edit_text"
#x1B[35mDEBUG   #x1B[0m root:page_base.py:77 Element is present: "id: com.directed.android.viper.qa:id/create_account_first_name_edit_text"
#x1B[35mDEBUG   #x1B[0m root:page_base.py:115 Waiting for element to be clickable: "id: com.directed.android.viper.qa:id/create_account_first_name_edit_text"
#x1B[35mDEBUG   #x1B[0m root:page_base.py:119 Element is clickable: "id: com.directed.android.viper.qa:id/create_account_first_name_edit_text"
#x1B[35mDEBUG   #x1B[0m root:page_base.py:51 Find element: "id: com.directed.android.viper.qa:id/create_account_first_name_edit_text"
#x1B[35mDEBUG   #x1B[0m root:page_base.py:54 Element found: "id: com.directed.android.viper.qa:id/create_account_first_name_edit_text"
#x1B[35mDEBUG   #x1B[0m root:page_base.py:152 Setting text "" on element: "id: com.directed.android.viper.qa:id/create_account_last_name_edit_text"
#x1B[35mDEBUG   #x1B[0m root:page_base.py:73 Waiting for element to be present: "id: com.directed.android.viper.qa:id/create_account_last_name_edit_text"
#x1B[35mDEBUG   #x1B[0m root:page_base.py:77 Element is present: "id: com.directed.android.viper.qa:id/create_account_last_name_edit_text"
#x1B[35mDEBUG   #x1B[0m root:page_base.py:115 Waiting for element to be clickable: "id: com.directed.android.viper.qa:id/create_account_last_name_edit_text"
#x1B[35mDEBUG   #x1B[0m root:page_base.py:119 Element is clickable: "id: com.directed.android.viper.qa:id/create_account_last_name_edit_text"
#x1B[35mDEBUG   #x1B[0m root:page_base.py:145 Clearing text of element: "id: com.directed.android.viper.qa:id/create_account_last_name_edit_text"
#x1B[35mDEBUG   #x1B[0m root:page_base.py:73 Waiting for element to be present: "id: com.directed.android.viper.qa:id/create_account_last_name_edit_text"
#x1B[35mDEBUG   #x1B[0m root:page_base.py:77 Element is present: "id: com.directed.android.viper.qa:id/create_account_last_name_edit_text"
#x1B[35mDEBUG   #x1B[0m root:page_base.py:115 Waiting for element to be clickable: "id: com.directed.android.viper.qa:id/create_account_last_name_edit_text"
#x1B[35mDEBUG   #x1B[0m root:page_base.py:119 Element is clickable: "id: com.directed.android.viper.qa:id/create_account_last_name_edit_text"
#x1B[35mDEBUG   #x1B[0m root:page_base.py:51 Find element: "id: com.directed.android.viper.qa:id/create_account_last_name_edit_text"
#x1B[35mDEBUG   #x1B[0m root:page_base.py:54 Element found: "id: com.directed.android.viper.qa:id/create_account_last_name_edit_text"
#x1B[35mDEBUG   #x1B[0m root:page_base.py:160 Adding text "" to element: "id: com.directed.android.viper.qa:id/create_account_last_name_edit_text"
#x1B[35mDEBUG   #x1B[0m root:page_base.py:73 Waiting for element to be present: "id: com.directed.android.viper.qa:id/create_account_last_name_edit_text"
#x1B[35mDEBUG   #x1B[0m root:page_base.py:77 Element is present: "id: com.directed.android.viper.qa:id/create_account_last_name_edit_text"
#x1B[35mDEBUG   #x1B[0m root:page_base.py:115 Waiting for element to be clickable: "id: com.directed.android.viper.qa:id/create_account_last_name_edit_text"
#x1B[35mDEBUG   #x1B[0m root:page_base.py:119 Element is clickable: "id: com.directed.android.viper.qa:id/create_account_last_name_edit_text"
#x1B[35mDEBUG   #x1B[0m root:page_base.py:51 Find element: "id: com.directed.android.viper.qa:id/create_account_last_name_edit_text"
#x1B[35mDEBUG   #x1B[0m root:page_base.py:54 Element found: "id: com.directed.android.viper.qa:id/create_account_last_name_edit_text"
#x1B[35mDEBUG   #x1B[0m root:page_base.py:152 Setting text "V@l!dp@55" on element: "id: com.directed.android.viper.qa:id/create_account_password_edit_text"
#x1B[35mDEBUG   #x1B[0m root:page_base.py:73 Waiting for element to be present: "id: com.directed.android.viper.qa:id/create_account_password_edit_text"
#x1B[35mDEBUG   #x1B[0m root:page_base.py:77 Element is present: "id: com.directed.android.viper.qa:id/create_account_password_edit_text"
#x1B[35mDEBUG   #x1B[0m root:page_base.py:115 Waiting for element to be clickable: "id: com.directed.android.viper.qa:id/create_account_password_edit_text"
#x1B[35mDEBUG   #x1B[0m root:page_base.py:119 Element is clickable: "id: com.directed.android.viper.qa:id/create_account_password_edit_text"
#x1B[35mDEBUG   #x1B[0m root:page_base.py:145 Clearing text of element: "id: com.directed.android.viper.qa:id/create_account_password_edit_text"
#x1B[35mDEBUG   #x1B[0m root:page_base.py:73 Waiting for element to be present: "id: com.directed.android.viper.qa:id/create_account_password_edit_text"
#x1B[35mDEBUG   #x1B[0m root:page_base.py:77 Element is present: "id: com.directed.android.viper.qa:id/create_account_password_edit_text"
#x1B[35mDEBUG   #x1B[0m root:page_base.py:115 Waiting for element to be clickable: "id: com.directed.android.viper.qa:id/create_account_password_edit_text"
#x1B[35mDEBUG   #x1B[0m root:page_base.py:119 Element is clickable: "id: com.directed.android.viper.qa:id/create_account_password_edit_text"
#x1B[35mDEBUG   #x1B[0m root:page_base.py:51 Find element: "id: com.directed.android.viper.qa:id/create_account_password_edit_text"
#x1B[35mDEBUG   #x1B[0m root:page_base.py:54 Element found: "id: com.directed.android.viper.qa:id/create_account_password_edit_text"
#x1B[35mDEBUG   #x1B[0m root:page_base.py:160 Adding text "V@l!dp@55" to element: "id: com.directed.android.viper.qa:id/create_account_password_edit_text"
#x1B[35mDEBUG   #x1B[0m root:page_base.py:73 Waiting for element to be present: "id: com.directed.android.viper.qa:id/create_account_password_edit_text"
#x1B[35mDEBUG   #x1B[0m root:page_base.py:77 Element is present: "id: com.directed.android.viper.qa:id/create_account_password_edit_text"
#x1B[35mDEBUG   #x1B[0m root:page_base.py:115 Waiting for element to be clickable: "id: com.directed.android.viper.qa:id/create_account_password_edit_text"
#x1B[35mDEBUG   #x1B[0m root:page_base.py:119 Element is clickable: "id: com.directed.android.viper.qa:id/create_account_password_edit_text"
#x1B[35mDEBUG   #x1B[0m root:page_base.py:51 Find element: "id: com.directed.android.viper.qa:id/create_account_password_edit_text"
#x1B[35mDEBUG   #x1B[0m root:page_base.py:54 Element found: "id: com.directed.android.viper.qa:id/create_account_password_edit_text"
#x1B[35mDEBUG   #x1B[0m root:page_base.py:138 Clicking on element: "id: com.directed.android.viper.qa:id/create_account_submit_button"
#x1B[35mDEBUG   #x1B[0m root:page_base.py:73 Waiting for element to be present: "id: com.directed.android.viper.qa:id/create_account_submit_button"
#x1B[35mDEBUG   #x1B[0m root:page_base.py:77 Element is present: "id: com.directed.android.viper.qa:id/create_account_submit_button"
#x1B[35mDEBUG   #x1B[0m root:page_base.py:115 Waiting for element to be clickable: "id: com.directed.android.viper.qa:id/create_account_submit_button"
#x1B[35mDEBUG   #x1B[0m root:page_base.py:119 Element is clickable: "id: com.directed.android.viper.qa:id/create_account_submit_button"
#x1B[35mDEBUG   #x1B[0m root:page_base.py:51 Find element: "id: com.directed.android.viper.qa:id/create_account_submit_button"
#x1B[35mDEBUG   #x1B[0m root:page_base.py:54 Element found: "id: com.directed.android.viper.qa:id/create_account_submit_button"
#x1B[35mDEBUG   #x1B[0m root:page_base.py:168 Getting the text from element: "id: com.directed.android.viper.qa:id/create_account_error_text_view"
#x1B[35mDEBUG   #x1B[0m root:page_base.py:73 Waiting for element to be present: "id: com.directed.android.viper.qa:id/create_account_error_text_view"
#x1B[35mDEBUG   #x1B[0m root:page_base.py:77 Element is present: "id: com.directed.android.viper.qa:id/create_account_error_text_view"
#x1B[35mDEBUG   #x1B[0m root:page_base.py:103 Waiting for element to be visible: "id: com.directed.android.viper.qa:id/create_account_error_text_view"
#x1B[35mDEBUG   #x1B[0m root:page_base.py:107 Element is visible: "id: com.directed.android.viper.qa:id/create_account_error_text_view"
#x1B[35mDEBUG   #x1B[0m root:page_base.py:51 Find element: "id: com.directed.android.viper.qa:id/create_account_error_text_view"
#x1B[35mDEBUG   #x1B[0m root:page_base.py:54 Element found: "id: com.directed.android.viper.qa:id/create_account_error_text_view"
--------------------------------- Captured Out ---------------------------------

</system-out><system-err>--------------------------------- Captured Err ---------------------------------
Direct connect capabilities from server were:
directConnectProtocol: '' directConnectHost: '' directConnectPort: '' directConnectPath: '' 

</system-err></testcase><testcase classname="tests.test_create_account.TestCreateAccount" name="test_create_account_failed_with_invalid_password" time="29.065"><system-out>--------------------------------- Captured Log ---------------------------------
#x1B[32mINFO    #x1B[0m root:page_startup.py:28 Clicking the Register button
#x1B[35mDEBUG   #x1B[0m root:page_base.py:138 Clicking on element: "id: com.directed.android.viper.qa:id/startup_register_text_view"
#x1B[35mDEBUG   #x1B[0m root:page_base.py:73 Waiting for element to be present: "id: com.directed.android.viper.qa:id/startup_register_text_view"
#x1B[35mDEBUG   #x1B[0m root:page_base.py:77 Element is present: "id: com.directed.android.viper.qa:id/startup_register_text_view"
#x1B[35mDEBUG   #x1B[0m root:page_base.py:115 Waiting for element to be clickable: "id: com.directed.android.viper.qa:id/startup_register_text_view"
#x1B[35mDEBUG   #x1B[0m root:page_base.py:119 Element is clickable: "id: com.directed.android.viper.qa:id/startup_register_text_view"
#x1B[35mDEBUG   #x1B[0m root:page_base.py:51 Find element: "id: com.directed.android.viper.qa:id/startup_register_text_view"
#x1B[35mDEBUG   #x1B[0m root:page_base.py:54 Element found: "id: com.directed.android.viper.qa:id/startup_register_text_view"
#x1B[32mINFO    #x1B[0m root:page_create_account.py:32 Creating a new account: valid@email.com
#x1B[35mDEBUG   #x1B[0m root:page_base.py:152 Setting text "valid@email.com" on element: "id: com.directed.android.viper.qa:id/create_account_email_edit_text"
#x1B[35mDEBUG   #x1B[0m root:page_base.py:73 Waiting for element to be present: "id: com.directed.android.viper.qa:id/create_account_email_edit_text"
#x1B[35mDEBUG   #x1B[0m root:page_base.py:77 Element is present: "id: com.directed.android.viper.qa:id/create_account_email_edit_text"
#x1B[35mDEBUG   #x1B[0m root:page_base.py:115 Waiting for element to be clickable: "id: com.directed.android.viper.qa:id/create_account_email_edit_text"
#x1B[35mDEBUG   #x1B[0m root:page_base.py:119 Element is clickable: "id: com.directed.android.viper.qa:id/create_account_email_edit_text"
#x1B[35mDEBUG   #x1B[0m root:page_base.py:145 Clearing text of element: "id: com.directed.android.viper.qa:id/create_account_email_edit_text"
#x1B[35mDEBUG   #x1B[0m root:page_base.py:73 Waiting for element to be present: "id: com.directed.android.viper.qa:id/create_account_email_edit_text"
#x1B[35mDEBUG   #x1B[0m root:page_base.py:77 Element is present: "id: com.directed.android.viper.qa:id/create_account_email_edit_text"
#x1B[35mDEBUG   #x1B[0m root:page_base.py:115 Waiting for element to be clickable: "id: com.directed.android.viper.qa:id/create_account_email_edit_text"
#x1B[35mDEBUG   #x1B[0m root:page_base.py:119 Element is clickable: "id: com.directed.android.viper.qa:id/create_account_email_edit_text"
#x1B[35mDEBUG   #x1B[0m root:page_base.py:51 Find element: "id: com.directed.android.viper.qa:id/create_account_email_edit_text"
#x1B[35mDEBUG   #x1B[0m root:page_base.py:54 Element found: "id: com.directed.android.viper.qa:id/create_account_email_edit_text"
#x1B[35mDEBUG   #x1B[0m root:page_base.py:160 Adding text "valid@email.com" to element: "id: com.directed.android.viper.qa:id/create_account_email_edit_text"
#x1B[35mDEBUG   #x1B[0m root:page_base.py:73 Waiting for element to be present: "id: com.directed.android.viper.qa:id/create_account_email_edit_text"
#x1B[35mDEBUG   #x1B[0m root:page_base.py:77 Element is present: "id: com.directed.android.viper.qa:id/create_account_email_edit_text"
#x1B[35mDEBUG   #x1B[0m root:page_base.py:115 Waiting for element to be clickable: "id: com.directed.android.viper.qa:id/create_account_email_edit_text"
#x1B[35mDEBUG   #x1B[0m root:page_base.py:119 Element is clickable: "id: com.directed.android.viper.qa:id/create_account_email_edit_text"
#x1B[35mDEBUG   #x1B[0m root:page_base.py:51 Find element: "id: com.directed.android.viper.qa:id/create_account_email_edit_text"
#x1B[35mDEBUG   #x1B[0m root:page_base.py:54 Element found: "id: com.directed.android.viper.qa:id/create_account_email_edit_text"
#x1B[35mDEBUG   #x1B[0m root:page_base.py:138 Clicking on element: "id: com.directed.android.viper.qa:id/create_account_submit_button"
#x1B[35mDEBUG   #x1B[0m root:page_base.py:73 Waiting for element to be present: "id: com.directed.android.viper.qa:id/create_account_submit_button"
#x1B[35mDEBUG   #x1B[0m root:page_base.py:77 Element is present: "id: com.directed.android.viper.qa:id/create_account_submit_button"
#x1B[35mDEBUG   #x1B[0m root:page_base.py:115 Waiting for element to be clickable: "id: com.directed.android.viper.qa:id/create_account_submit_button"
#x1B[35mDEBUG   #x1B[0m root:page_base.py:119 Element is clickable: "id: com.directed.android.viper.qa:id/create_account_submit_button"
#x1B[35mDEBUG   #x1B[0m root:page_base.py:51 Find element: "id: com.directed.android.viper.qa:id/create_account_submit_button"
#x1B[35mDEBUG   #x1B[0m root:page_base.py:54 Element found: "id: com.directed.android.viper.qa:id/create_account_submit_button"
#x1B[32mINFO    #x1B[0m root:page_create_account.py:46 Register a new account. firstname: 'firstname' - lastname: 'lastname' - Password: 'invalidpass'
#x1B[35mDEBUG   #x1B[0m root:page_base.py:152 Setting text "firstname" on element: "id: com.directed.android.viper.qa:id/create_account_first_name_edit_text"
#x1B[35mDEBUG   #x1B[0m root:page_base.py:73 Waiting for element to be present: "id: com.directed.android.viper.qa:id/create_account_first_name_edit_text"
#x1B[35mDEBUG   #x1B[0m root:page_base.py:77 Element is present: "id: com.directed.android.viper.qa:id/create_account_first_name_edit_text"
#x1B[35mDEBUG   #x1B[0m root:page_base.py:115 Waiting for element to be clickable: "id: com.directed.android.viper.qa:id/create_account_first_name_edit_text"
#x1B[35mDEBUG   #x1B[0m root:page_base.py:119 Element is clickable: "id: com.directed.android.viper.qa:id/create_account_first_name_edit_text"
#x1B[35mDEBUG   #x1B[0m root:page_base.py:145 Clearing text of element: "id: com.directed.android.viper.qa:id/create_account_first_name_edit_text"
#x1B[35mDEBUG   #x1B[0m root:page_base.py:73 Waiting for element to be present: "id: com.directed.android.viper.qa:id/create_account_first_name_edit_text"
#x1B[35mDEBUG   #x1B[0m root:page_base.py:77 Element is present: "id: com.directed.android.viper.qa:id/create_account_first_name_edit_text"
#x1B[35mDEBUG   #x1B[0m root:page_base.py:115 Waiting for element to be clickable: "id: com.directed.android.viper.qa:id/create_account_first_name_edit_text"
#x1B[35mDEBUG   #x1B[0m root:page_base.py:119 Element is clickable: "id: com.directed.android.viper.qa:id/create_account_first_name_edit_text"
#x1B[35mDEBUG   #x1B[0m root:page_base.py:51 Find element: "id: com.directed.android.viper.qa:id/create_account_first_name_edit_text"
#x1B[35mDEBUG   #x1B[0m root:page_base.py:54 Element found: "id: com.directed.android.viper.qa:id/create_account_first_name_edit_text"
#x1B[35mDEBUG   #x1B[0m root:page_base.py:160 Adding text "firstname" to element: "id: com.directed.android.viper.qa:id/create_account_first_name_edit_text"
#x1B[35mDEBUG   #x1B[0m root:page_base.py:73 Waiting for element to be present: "id: com.directed.android.viper.qa:id/create_account_first_name_edit_text"
#x1B[35mDEBUG   #x1B[0m root:page_base.py:77 Element is present: "id: com.directed.android.viper.qa:id/create_account_first_name_edit_text"
#x1B[35mDEBUG   #x1B[0m root:page_base.py:115 Waiting for element to be clickable: "id: com.directed.android.viper.qa:id/create_account_first_name_edit_text"
#x1B[35mDEBUG   #x1B[0m root:page_base.py:119 Element is clickable: "id: com.directed.android.viper.qa:id/create_account_first_name_edit_text"
#x1B[35mDEBUG   #x1B[0m root:page_base.py:51 Find element: "id: com.directed.android.viper.qa:id/create_account_first_name_edit_text"
#x1B[35mDEBUG   #x1B[0m root:page_base.py:54 Element found: "id: com.directed.android.viper.qa:id/create_account_first_name_edit_text"
#x1B[35mDEBUG   #x1B[0m root:page_base.py:152 Setting text "lastname" on element: "id: com.directed.android.viper.qa:id/create_account_last_name_edit_text"
#x1B[35mDEBUG   #x1B[0m root:page_base.py:73 Waiting for element to be present: "id: com.directed.android.viper.qa:id/create_account_last_name_edit_text"
#x1B[35mDEBUG   #x1B[0m root:page_base.py:77 Element is present: "id: com.directed.android.viper.qa:id/create_account_last_name_edit_text"
#x1B[35mDEBUG   #x1B[0m root:page_base.py:115 Waiting for element to be clickable: "id: com.directed.android.viper.qa:id/create_account_last_name_edit_text"
#x1B[35mDEBUG   #x1B[0m root:page_base.py:119 Element is clickable: "id: com.directed.android.viper.qa:id/create_account_last_name_edit_text"
#x1B[35mDEBUG   #x1B[0m root:page_base.py:145 Clearing text of element: "id: com.directed.android.viper.qa:id/create_account_last_name_edit_text"
#x1B[35mDEBUG   #x1B[0m root:page_base.py:73 Waiting for element to be present: "id: com.directed.android.viper.qa:id/create_account_last_name_edit_text"
#x1B[35mDEBUG   #x1B[0m root:page_base.py:77 Element is present: "id: com.directed.android.viper.qa:id/create_account_last_name_edit_text"
#x1B[35mDEBUG   #x1B[0m root:page_base.py:115 Waiting for element to be clickable: "id: com.directed.android.viper.qa:id/create_account_last_name_edit_text"
#x1B[35mDEBUG   #x1B[0m root:page_base.py:119 Element is clickable: "id: com.directed.android.viper.qa:id/create_account_last_name_edit_text"
#x1B[35mDEBUG   #x1B[0m root:page_base.py:51 Find element: "id: com.directed.android.viper.qa:id/create_account_last_name_edit_text"
#x1B[35mDEBUG   #x1B[0m root:page_base.py:54 Element found: "id: com.directed.android.viper.qa:id/create_account_last_name_edit_text"
#x1B[35mDEBUG   #x1B[0m root:page_base.py:160 Adding text "lastname" to element: "id: com.directed.android.viper.qa:id/create_account_last_name_edit_text"
#x1B[35mDEBUG   #x1B[0m root:page_base.py:73 Waiting for element to be present: "id: com.directed.android.viper.qa:id/create_account_last_name_edit_text"
#x1B[35mDEBUG   #x1B[0m root:page_base.py:77 Element is present: "id: com.directed.android.viper.qa:id/create_account_last_name_edit_text"
#x1B[35mDEBUG   #x1B[0m root:page_base.py:115 Waiting for element to be clickable: "id: com.directed.android.viper.qa:id/create_account_last_name_edit_text"
#x1B[35mDEBUG   #x1B[0m root:page_base.py:119 Element is clickable: "id: com.directed.android.viper.qa:id/create_account_last_name_edit_text"
#x1B[35mDEBUG   #x1B[0m root:page_base.py:51 Find element: "id: com.directed.android.viper.qa:id/create_account_last_name_edit_text"
#x1B[35mDEBUG   #x1B[0m root:page_base.py:54 Element found: "id: com.directed.android.viper.qa:id/create_account_last_name_edit_text"
#x1B[35mDEBUG   #x1B[0m root:page_base.py:152 Setting text "invalidpass" on element: "id: com.directed.android.viper.qa:id/create_account_password_edit_text"
#x1B[35mDEBUG   #x1B[0m root:page_base.py:73 Waiting for element to be present: "id: com.directed.android.viper.qa:id/create_account_password_edit_text"
#x1B[35mDEBUG   #x1B[0m root:page_base.py:77 Element is present: "id: com.directed.android.viper.qa:id/create_account_password_edit_text"
#x1B[35mDEBUG   #x1B[0m root:page_base.py:115 Waiting for element to be clickable: "id: com.directed.android.viper.qa:id/create_account_password_edit_text"
#x1B[35mDEBUG   #x1B[0m root:page_base.py:119 Element is clickable: "id: com.directed.android.viper.qa:id/create_account_password_edit_text"
#x1B[35mDEBUG   #x1B[0m root:page_base.py:145 Clearing text of element: "id: com.directed.android.viper.qa:id/create_account_password_edit_text"
#x1B[35mDEBUG   #x1B[0m root:page_base.py:73 Waiting for element to be present: "id: com.directed.android.viper.qa:id/create_account_password_edit_text"
#x1B[35mDEBUG   #x1B[0m root:page_base.py:77 Element is present: "id: com.directed.android.viper.qa:id/create_account_password_edit_text"
#x1B[35mDEBUG   #x1B[0m root:page_base.py:115 Waiting for element to be clickable: "id: com.directed.android.viper.qa:id/create_account_password_edit_text"
#x1B[35mDEBUG   #x1B[0m root:page_base.py:119 Element is clickable: "id: com.directed.android.viper.qa:id/create_account_password_edit_text"
#x1B[35mDEBUG   #x1B[0m root:page_base.py:51 Find element: "id: com.directed.android.viper.qa:id/create_account_password_edit_text"
#x1B[35mDEBUG   #x1B[0m root:page_base.py:54 Element found: "id: com.directed.android.viper.qa:id/create_account_password_edit_text"
#x1B[35mDEBUG   #x1B[0m root:page_base.py:160 Adding text "invalidpass" to element: "id: com.directed.android.viper.qa:id/create_account_password_edit_text"
#x1B[35mDEBUG   #x1B[0m root:page_base.py:73 Waiting for element to be present: "id: com.directed.android.viper.qa:id/create_account_password_edit_text"
#x1B[35mDEBUG   #x1B[0m root:page_base.py:77 Element is present: "id: com.directed.android.viper.qa:id/create_account_password_edit_text"
#x1B[35mDEBUG   #x1B[0m root:page_base.py:115 Waiting for element to be clickable: "id: com.directed.android.viper.qa:id/create_account_password_edit_text"
#x1B[35mDEBUG   #x1B[0m root:page_base.py:119 Element is clickable: "id: com.directed.android.viper.qa:id/create_account_password_edit_text"
#x1B[35mDEBUG   #x1B[0m root:page_base.py:51 Find element: "id: com.directed.android.viper.qa:id/create_account_password_edit_text"
#x1B[35mDEBUG   #x1B[0m root:page_base.py:54 Element found: "id: com.directed.android.viper.qa:id/create_account_password_edit_text"
#x1B[35mDEBUG   #x1B[0m root:page_base.py:138 Clicking on element: "id: com.directed.android.viper.qa:id/create_account_submit_button"
#x1B[35mDEBUG   #x1B[0m root:page_base.py:73 Waiting for element to be present: "id: com.directed.android.viper.qa:id/create_account_submit_button"
#x1B[35mDEBUG   #x1B[0m root:page_base.py:77 Element is present: "id: com.directed.android.viper.qa:id/create_account_submit_button"
#x1B[35mDEBUG   #x1B[0m root:page_base.py:115 Waiting for element to be clickable: "id: com.directed.android.viper.qa:id/create_account_submit_button"
#x1B[35mDEBUG   #x1B[0m root:page_base.py:119 Element is clickable: "id: com.directed.android.viper.qa:id/create_account_submit_button"
#x1B[35mDEBUG   #x1B[0m root:page_base.py:51 Find element: "id: com.directed.android.viper.qa:id/create_account_submit_button"
#x1B[35mDEBUG   #x1B[0m root:page_base.py:54 Element found: "id: com.directed.android.viper.qa:id/create_account_submit_button"
#x1B[35mDEBUG   #x1B[0m root:page_base.py:168 Getting the text from element: "id: com.directed.android.viper.qa:id/create_account_error_text_view"
#x1B[35mDEBUG   #x1B[0m root:page_base.py:73 Waiting for element to be present: "id: com.directed.android.viper.qa:id/create_account_error_text_view"
#x1B[35mDEBUG   #x1B[0m root:page_base.py:77 Element is present: "id: com.directed.android.viper.qa:id/create_account_error_text_view"
#x1B[35mDEBUG   #x1B[0m root:page_base.py:103 Waiting for element to be visible: "id: com.directed.android.viper.qa:id/create_account_error_text_view"
#x1B[35mDEBUG   #x1B[0m root:page_base.py:107 Element is visible: "id: com.directed.android.viper.qa:id/create_account_error_text_view"
#x1B[35mDEBUG   #x1B[0m root:page_base.py:51 Find element: "id: com.directed.android.viper.qa:id/create_account_error_text_view"
#x1B[35mDEBUG   #x1B[0m root:page_base.py:54 Element found: "id: com.directed.android.viper.qa:id/create_account_error_text_view"
--------------------------------- Captured Out ---------------------------------

</system-out><system-err>--------------------------------- Captured Err ---------------------------------
Direct connect capabilities from server were:
directConnectProtocol: '' directConnectHost: '' directConnectPort: '' directConnectPath: '' 

</system-err></testcase><testcase classname="tests.test_create_account.TestCreateAccount" name="test_create_account_failed_with_first_name_in_password" time="0.001"><skipped type="pytest.skip" message="test fails, account is created with firstname inside the password">C:\Users\gmarin\PycharmProjects\smartstart-android-tests\tests\test_create_account.py:49: test fails, account is created with firstname inside the password</skipped><system-out>--------------------------------- Captured Log ---------------------------------

--------------------------------- Captured Out ---------------------------------

</system-out><system-err>--------------------------------- Captured Err ---------------------------------

</system-err><system-out>--------------------------------- Captured Log ---------------------------------

--------------------------------- Captured Out ---------------------------------

</system-out><system-err>--------------------------------- Captured Err ---------------------------------

</system-err></testcase><testcase classname="tests.test_create_account.TestCreateAccount" name="test_create_account_with_valid_data_goes_to_registration_complete" time="50.164"><system-out>--------------------------------- Captured Log ---------------------------------
#x1B[32mINFO    #x1B[0m root:page_startup.py:28 Clicking the Register button
#x1B[35mDEBUG   #x1B[0m root:page_base.py:138 Clicking on element: "id: com.directed.android.viper.qa:id/startup_register_text_view"
#x1B[35mDEBUG   #x1B[0m root:page_base.py:73 Waiting for element to be present: "id: com.directed.android.viper.qa:id/startup_register_text_view"
#x1B[35mDEBUG   #x1B[0m root:page_base.py:77 Element is present: "id: com.directed.android.viper.qa:id/startup_register_text_view"
#x1B[35mDEBUG   #x1B[0m root:page_base.py:115 Waiting for element to be clickable: "id: com.directed.android.viper.qa:id/startup_register_text_view"
#x1B[35mDEBUG   #x1B[0m root:page_base.py:119 Element is clickable: "id: com.directed.android.viper.qa:id/startup_register_text_view"
#x1B[35mDEBUG   #x1B[0m root:page_base.py:51 Find element: "id: com.directed.android.viper.qa:id/startup_register_text_view"
#x1B[35mDEBUG   #x1B[0m root:page_base.py:54 Element found: "id: com.directed.android.viper.qa:id/startup_register_text_view"
#x1B[32mINFO    #x1B[0m root:page_create_account.py:32 Creating a new account: q7npdw48auto@gmail.com
#x1B[35mDEBUG   #x1B[0m root:page_base.py:152 Setting text "q7npdw48auto@gmail.com" on element: "id: com.directed.android.viper.qa:id/create_account_email_edit_text"
#x1B[35mDEBUG   #x1B[0m root:page_base.py:73 Waiting for element to be present: "id: com.directed.android.viper.qa:id/create_account_email_edit_text"
#x1B[35mDEBUG   #x1B[0m root:page_base.py:77 Element is present: "id: com.directed.android.viper.qa:id/create_account_email_edit_text"
#x1B[35mDEBUG   #x1B[0m root:page_base.py:115 Waiting for element to be clickable: "id: com.directed.android.viper.qa:id/create_account_email_edit_text"
#x1B[35mDEBUG   #x1B[0m root:page_base.py:119 Element is clickable: "id: com.directed.android.viper.qa:id/create_account_email_edit_text"
#x1B[35mDEBUG   #x1B[0m root:page_base.py:145 Clearing text of element: "id: com.directed.android.viper.qa:id/create_account_email_edit_text"
#x1B[35mDEBUG   #x1B[0m root:page_base.py:73 Waiting for element to be present: "id: com.directed.android.viper.qa:id/create_account_email_edit_text"
#x1B[35mDEBUG   #x1B[0m root:page_base.py:77 Element is present: "id: com.directed.android.viper.qa:id/create_account_email_edit_text"
#x1B[35mDEBUG   #x1B[0m root:page_base.py:115 Waiting for element to be clickable: "id: com.directed.android.viper.qa:id/create_account_email_edit_text"
#x1B[35mDEBUG   #x1B[0m root:page_base.py:119 Element is clickable: "id: com.directed.android.viper.qa:id/create_account_email_edit_text"
#x1B[35mDEBUG   #x1B[0m root:page_base.py:51 Find element: "id: com.directed.android.viper.qa:id/create_account_email_edit_text"
#x1B[35mDEBUG   #x1B[0m root:page_base.py:54 Element found: "id: com.directed.android.viper.qa:id/create_account_email_edit_text"
#x1B[35mDEBUG   #x1B[0m root:page_base.py:160 Adding text "q7npdw48auto@gmail.com" to element: "id: com.directed.android.viper.qa:id/create_account_email_edit_text"
#x1B[35mDEBUG   #x1B[0m root:page_base.py:73 Waiting for element to be present: "id: com.directed.android.viper.qa:id/create_account_email_edit_text"
#x1B[35mDEBUG   #x1B[0m root:page_base.py:77 Element is present: "id: com.directed.android.viper.qa:id/create_account_email_edit_text"
#x1B[35mDEBUG   #x1B[0m root:page_base.py:115 Waiting for element to be clickable: "id: com.directed.android.viper.qa:id/create_account_email_edit_text"
#x1B[35mDEBUG   #x1B[0m root:page_base.py:119 Element is clickable: "id: com.directed.android.viper.qa:id/create_account_email_edit_text"
#x1B[35mDEBUG   #x1B[0m root:page_base.py:51 Find element: "id: com.directed.android.viper.qa:id/create_account_email_edit_text"
#x1B[35mDEBUG   #x1B[0m root:page_base.py:54 Element found: "id: com.directed.android.viper.qa:id/create_account_email_edit_text"
#x1B[35mDEBUG   #x1B[0m root:page_base.py:138 Clicking on element: "id: com.directed.android.viper.qa:id/create_account_submit_button"
#x1B[35mDEBUG   #x1B[0m root:page_base.py:73 Waiting for element to be present: "id: com.directed.android.viper.qa:id/create_account_submit_button"
#x1B[35mDEBUG   #x1B[0m root:page_base.py:77 Element is present: "id: com.directed.android.viper.qa:id/create_account_submit_button"
#x1B[35mDEBUG   #x1B[0m root:page_base.py:115 Waiting for element to be clickable: "id: com.directed.android.viper.qa:id/create_account_submit_button"
#x1B[35mDEBUG   #x1B[0m root:page_base.py:119 Element is clickable: "id: com.directed.android.viper.qa:id/create_account_submit_button"
#x1B[35mDEBUG   #x1B[0m root:page_base.py:51 Find element: "id: com.directed.android.viper.qa:id/create_account_submit_button"
#x1B[35mDEBUG   #x1B[0m root:page_base.py:54 Element found: "id: com.directed.android.viper.qa:id/create_account_submit_button"
#x1B[32mINFO    #x1B[0m root:page_create_account.py:46 Register a new account. firstname: 'firstname' - lastname: 'lastname' - Password: 'V@l!dp@55'
#x1B[35mDEBUG   #x1B[0m root:page_base.py:152 Setting text "firstname" on element: "id: com.directed.android.viper.qa:id/create_account_first_name_edit_text"
#x1B[35mDEBUG   #x1B[0m root:page_base.py:73 Waiting for element to be present: "id: com.directed.android.viper.qa:id/create_account_first_name_edit_text"
#x1B[35mDEBUG   #x1B[0m root:page_base.py:77 Element is present: "id: com.directed.android.viper.qa:id/create_account_first_name_edit_text"
#x1B[35mDEBUG   #x1B[0m root:page_base.py:115 Waiting for element to be clickable: "id: com.directed.android.viper.qa:id/create_account_first_name_edit_text"
#x1B[35mDEBUG   #x1B[0m root:page_base.py:119 Element is clickable: "id: com.directed.android.viper.qa:id/create_account_first_name_edit_text"
#x1B[35mDEBUG   #x1B[0m root:page_base.py:145 Clearing text of element: "id: com.directed.android.viper.qa:id/create_account_first_name_edit_text"
#x1B[35mDEBUG   #x1B[0m root:page_base.py:73 Waiting for element to be present: "id: com.directed.android.viper.qa:id/create_account_first_name_edit_text"
#x1B[35mDEBUG   #x1B[0m root:page_base.py:77 Element is present: "id: com.directed.android.viper.qa:id/create_account_first_name_edit_text"
#x1B[35mDEBUG   #x1B[0m root:page_base.py:115 Waiting for element to be clickable: "id: com.directed.android.viper.qa:id/create_account_first_name_edit_text"
#x1B[35mDEBUG   #x1B[0m root:page_base.py:119 Element is clickable: "id: com.directed.android.viper.qa:id/create_account_first_name_edit_text"
#x1B[35mDEBUG   #x1B[0m root:page_base.py:51 Find element: "id: com.directed.android.viper.qa:id/create_account_first_name_edit_text"
#x1B[35mDEBUG   #x1B[0m root:page_base.py:54 Element found: "id: com.directed.android.viper.qa:id/create_account_first_name_edit_text"
#x1B[35mDEBUG   #x1B[0m root:page_base.py:160 Adding text "firstname" to element: "id: com.directed.android.viper.qa:id/create_account_first_name_edit_text"
#x1B[35mDEBUG   #x1B[0m root:page_base.py:73 Waiting for element to be present: "id: com.directed.android.viper.qa:id/create_account_first_name_edit_text"
#x1B[35mDEBUG   #x1B[0m root:page_base.py:77 Element is present: "id: com.directed.android.viper.qa:id/create_account_first_name_edit_text"
#x1B[35mDEBUG   #x1B[0m root:page_base.py:115 Waiting for element to be clickable: "id: com.directed.android.viper.qa:id/create_account_first_name_edit_text"
#x1B[35mDEBUG   #x1B[0m root:page_base.py:119 Element is clickable: "id: com.directed.android.viper.qa:id/create_account_first_name_edit_text"
#x1B[35mDEBUG   #x1B[0m root:page_base.py:51 Find element: "id: com.directed.android.viper.qa:id/create_account_first_name_edit_text"
#x1B[35mDEBUG   #x1B[0m root:page_base.py:54 Element found: "id: com.directed.android.viper.qa:id/create_account_first_name_edit_text"
#x1B[35mDEBUG   #x1B[0m root:page_base.py:152 Setting text "lastname" on element: "id: com.directed.android.viper.qa:id/create_account_last_name_edit_text"
#x1B[35mDEBUG   #x1B[0m root:page_base.py:73 Waiting for element to be present: "id: com.directed.android.viper.qa:id/create_account_last_name_edit_text"
#x1B[35mDEBUG   #x1B[0m root:page_base.py:77 Element is present: "id: com.directed.android.viper.qa:id/create_account_last_name_edit_text"
#x1B[35mDEBUG   #x1B[0m root:page_base.py:115 Waiting for element to be clickable: "id: com.directed.android.viper.qa:id/create_account_last_name_edit_text"
#x1B[35mDEBUG   #x1B[0m root:page_base.py:119 Element is clickable: "id: com.directed.android.viper.qa:id/create_account_last_name_edit_text"
#x1B[35mDEBUG   #x1B[0m root:page_base.py:145 Clearing text of element: "id: com.directed.android.viper.qa:id/create_account_last_name_edit_text"
#x1B[35mDEBUG   #x1B[0m root:page_base.py:73 Waiting for element to be present: "id: com.directed.android.viper.qa:id/create_account_last_name_edit_text"
#x1B[35mDEBUG   #x1B[0m root:page_base.py:77 Element is present: "id: com.directed.android.viper.qa:id/create_account_last_name_edit_text"
#x1B[35mDEBUG   #x1B[0m root:page_base.py:115 Waiting for element to be clickable: "id: com.directed.android.viper.qa:id/create_account_last_name_edit_text"
#x1B[35mDEBUG   #x1B[0m root:page_base.py:119 Element is clickable: "id: com.directed.android.viper.qa:id/create_account_last_name_edit_text"
#x1B[35mDEBUG   #x1B[0m root:page_base.py:51 Find element: "id: com.directed.android.viper.qa:id/create_account_last_name_edit_text"
#x1B[35mDEBUG   #x1B[0m root:page_base.py:54 Element found: "id: com.directed.android.viper.qa:id/create_account_last_name_edit_text"
#x1B[35mDEBUG   #x1B[0m root:page_base.py:160 Adding text "lastname" to element: "id: com.directed.android.viper.qa:id/create_account_last_name_edit_text"
#x1B[35mDEBUG   #x1B[0m root:page_base.py:73 Waiting for element to be present: "id: com.directed.android.viper.qa:id/create_account_last_name_edit_text"
#x1B[35mDEBUG   #x1B[0m root:page_base.py:77 Element is present: "id: com.directed.android.viper.qa:id/create_account_last_name_edit_text"
#x1B[35mDEBUG   #x1B[0m root:page_base.py:115 Waiting for element to be clickable: "id: com.directed.android.viper.qa:id/create_account_last_name_edit_text"
#x1B[35mDEBUG   #x1B[0m root:page_base.py:119 Element is clickable: "id: com.directed.android.viper.qa:id/create_account_last_name_edit_text"
#x1B[35mDEBUG   #x1B[0m root:page_base.py:51 Find element: "id: com.directed.android.viper.qa:id/create_account_last_name_edit_text"
#x1B[35mDEBUG   #x1B[0m root:page_base.py:54 Element found: "id: com.directed.android.viper.qa:id/create_account_last_name_edit_text"
#x1B[35mDEBUG   #x1B[0m root:page_base.py:152 Setting text "V@l!dp@55" on element: "id: com.directed.android.viper.qa:id/create_account_password_edit_text"
#x1B[35mDEBUG   #x1B[0m root:page_base.py:73 Waiting for element to be present: "id: com.directed.android.viper.qa:id/create_account_password_edit_text"
#x1B[35mDEBUG   #x1B[0m root:page_base.py:77 Element is present: "id: com.directed.android.viper.qa:id/create_account_password_edit_text"
#x1B[35mDEBUG   #x1B[0m root:page_base.py:115 Waiting for element to be clickable: "id: com.directed.android.viper.qa:id/create_account_password_edit_text"
#x1B[35mDEBUG   #x1B[0m root:page_base.py:119 Element is clickable: "id: com.directed.android.viper.qa:id/create_account_password_edit_text"
#x1B[35mDEBUG   #x1B[0m root:page_base.py:145 Clearing text of element: "id: com.directed.android.viper.qa:id/create_account_password_edit_text"
#x1B[35mDEBUG   #x1B[0m root:page_base.py:73 Waiting for element to be present: "id: com.directed.android.viper.qa:id/create_account_password_edit_text"
#x1B[35mDEBUG   #x1B[0m root:page_base.py:77 Element is present: "id: com.directed.android.viper.qa:id/create_account_password_edit_text"
#x1B[35mDEBUG   #x1B[0m root:page_base.py:115 Waiting for element to be clickable: "id: com.directed.android.viper.qa:id/create_account_password_edit_text"
#x1B[35mDEBUG   #x1B[0m root:page_base.py:119 Element is clickable: "id: com.directed.android.viper.qa:id/create_account_password_edit_text"
#x1B[35mDEBUG   #x1B[0m root:page_base.py:51 Find element: "id: com.directed.android.viper.qa:id/create_account_password_edit_text"
#x1B[35mDEBUG   #x1B[0m root:page_base.py:54 Element found: "id: com.directed.android.viper.qa:id/create_account_password_edit_text"
#x1B[35mDEBUG   #x1B[0m root:page_base.py:160 Adding text "V@l!dp@55" to element: "id: com.directed.android.viper.qa:id/create_account_password_edit_text"
#x1B[35mDEBUG   #x1B[0m root:page_base.py:73 Waiting for element to be present: "id: com.directed.android.viper.qa:id/create_account_password_edit_text"
#x1B[35mDEBUG   #x1B[0m root:page_base.py:77 Element is present: "id: com.directed.android.viper.qa:id/create_account_password_edit_text"
#x1B[35mDEBUG   #x1B[0m root:page_base.py:115 Waiting for element to be clickable: "id: com.directed.android.viper.qa:id/create_account_password_edit_text"
#x1B[35mDEBUG   #x1B[0m root:page_base.py:119 Element is clickable: "id: com.directed.android.viper.qa:id/create_account_password_edit_text"
#x1B[35mDEBUG   #x1B[0m root:page_base.py:51 Find element: "id: com.directed.android.viper.qa:id/create_account_password_edit_text"
#x1B[35mDEBUG   #x1B[0m root:page_base.py:54 Element found: "id: com.directed.android.viper.qa:id/create_account_password_edit_text"
#x1B[35mDEBUG   #x1B[0m root:page_base.py:138 Clicking on element: "id: com.directed.android.viper.qa:id/create_account_submit_button"
#x1B[35mDEBUG   #x1B[0m root:page_base.py:73 Waiting for element to be present: "id: com.directed.android.viper.qa:id/create_account_submit_button"
#x1B[35mDEBUG   #x1B[0m root:page_base.py:77 Element is present: "id: com.directed.android.viper.qa:id/create_account_submit_button"
#x1B[35mDEBUG   #x1B[0m root:page_base.py:115 Waiting for element to be clickable: "id: com.directed.android.viper.qa:id/create_account_submit_button"
#x1B[35mDEBUG   #x1B[0m root:page_base.py:119 Element is clickable: "id: com.directed.android.viper.qa:id/create_account_submit_button"
#x1B[35mDEBUG   #x1B[0m root:page_base.py:51 Find element: "id: com.directed.android.viper.qa:id/create_account_submit_button"
#x1B[35mDEBUG   #x1B[0m root:page_base.py:54 Element found: "id: com.directed.android.viper.qa:id/create_account_submit_button"
#x1B[32mINFO    #x1B[0m root:page_registration_complete.py:25 validating the logout button existence
#x1B[35mDEBUG   #x1B[0m root:page_base.py:223 Checking if element is displayed: "id: com.directed.android.viper.qa:id/logout_tv"
#x1B[35mDEBUG   #x1B[0m root:page_base.py:73 Waiting for element to be present: "id: com.directed.android.viper.qa:id/logout_tv"
#x1B[35mDEBUG   #x1B[0m root:page_base.py:77 Element is present: "id: com.directed.android.viper.qa:id/logout_tv"
#x1B[35mDEBUG   #x1B[0m root:page_base.py:232 Element is displayed
--------------------------------- Captured Out ---------------------------------

</system-out><system-err>--------------------------------- Captured Err ---------------------------------
Direct connect capabilities from server were:
directConnectProtocol: '' directConnectHost: '' directConnectPort: '' directConnectPath: '' 

</system-err></testcase><testcase classname="tests.test_dashboard_commands.TestDashboardCommands" name="test_lock_button_on_dashboard[MODERN]" time="245.034"><system-out>--------------------------------- Captured Log ---------------------------------
#x1B[32mINFO    #x1B[0m root:page_startup.py:24 Clicking the Login button
#x1B[35mDEBUG   #x1B[0m root:page_base.py:138 Clicking on element: "id: com.directed.android.viper.qa:id/startup_login_button"
#x1B[35mDEBUG   #x1B[0m root:page_base.py:73 Waiting for element to be present: "id: com.directed.android.viper.qa:id/startup_login_button"
#x1B[35mDEBUG   #x1B[0m root:page_base.py:77 Element is present: "id: com.directed.android.viper.qa:id/startup_login_button"
#x1B[35mDEBUG   #x1B[0m root:page_base.py:115 Waiting for element to be clickable: "id: com.directed.android.viper.qa:id/startup_login_button"
#x1B[35mDEBUG   #x1B[0m root:page_base.py:119 Element is clickable: "id: com.directed.android.viper.qa:id/startup_login_button"
#x1B[35mDEBUG   #x1B[0m root:page_base.py:51 Find element: "id: com.directed.android.viper.qa:id/startup_login_button"
#x1B[35mDEBUG   #x1B[0m root:page_base.py:54 Element found: "id: com.directed.android.viper.qa:id/startup_login_button"
#x1B[32mINFO    #x1B[0m root:page_login.py:29 Logging into the application. Username: 'david.henderickx@ctg.com' - Password: 'Test123!'
#x1B[35mDEBUG   #x1B[0m root:page_base.py:152 Setting text "david.henderickx@ctg.com" on element: "id: com.directed.android.viper.qa:id/loginUsernameEditText"
#x1B[35mDEBUG   #x1B[0m root:page_base.py:73 Waiting for element to be present: "id: com.directed.android.viper.qa:id/loginUsernameEditText"
#x1B[35mDEBUG   #x1B[0m root:page_base.py:77 Element is present: "id: com.directed.android.viper.qa:id/loginUsernameEditText"
#x1B[35mDEBUG   #x1B[0m root:page_base.py:115 Waiting for element to be clickable: "id: com.directed.android.viper.qa:id/loginUsernameEditText"
#x1B[35mDEBUG   #x1B[0m root:page_base.py:119 Element is clickable: "id: com.directed.android.viper.qa:id/loginUsernameEditText"
#x1B[35mDEBUG   #x1B[0m root:page_base.py:145 Clearing text of element: "id: com.directed.android.viper.qa:id/loginUsernameEditText"
#x1B[35mDEBUG   #x1B[0m root:page_base.py:73 Waiting for element to be present: "id: com.directed.android.viper.qa:id/loginUsernameEditText"
#x1B[35mDEBUG   #x1B[0m root:page_base.py:77 Element is present: "id: com.directed.android.viper.qa:id/loginUsernameEditText"
#x1B[35mDEBUG   #x1B[0m root:page_base.py:115 Waiting for element to be clickable: "id: com.directed.android.viper.qa:id/loginUsernameEditText"
#x1B[35mDEBUG   #x1B[0m root:page_base.py:119 Element is clickable: "id: com.directed.android.viper.qa:id/loginUsernameEditText"
#x1B[35mDEBUG   #x1B[0m root:page_base.py:51 Find element: "id: com.directed.android.viper.qa:id/loginUsernameEditText"
#x1B[35mDEBUG   #x1B[0m root:page_base.py:54 Element found: "id: com.directed.android.viper.qa:id/loginUsernameEditText"
#x1B[35mDEBUG   #x1B[0m root:page_base.py:160 Adding text "david.henderickx@ctg.com" to element: "id: com.directed.android.viper.qa:id/loginUsernameEditText"
#x1B[35mDEBUG   #x1B[0m root:page_base.py:73 Waiting for element to be present: "id: com.directed.android.viper.qa:id/loginUsernameEditText"
#x1B[35mDEBUG   #x1B[0m root:page_base.py:77 Element is present: "id: com.directed.android.viper.qa:id/loginUsernameEditText"
#x1B[35mDEBUG   #x1B[0m root:page_base.py:115 Waiting for element to be clickable: "id: com.directed.android.viper.qa:id/loginUsernameEditText"
#x1B[35mDEBUG   #x1B[0m root:page_base.py:119 Element is clickable: "id: com.directed.android.viper.qa:id/loginUsernameEditText"
#x1B[35mDEBUG   #x1B[0m root:page_base.py:51 Find element: "id: com.directed.android.viper.qa:id/loginUsernameEditText"
#x1B[35mDEBUG   #x1B[0m root:page_base.py:54 Element found: "id: com.directed.android.viper.qa:id/loginUsernameEditText"
#x1B[35mDEBUG   #x1B[0m root:page_base.py:152 Setting text "Test123!" on element: "id: com.directed.android.viper.qa:id/loginPasswordEditText"
#x1B[35mDEBUG   #x1B[0m root:page_base.py:73 Waiting for element to be present: "id: com.directed.android.viper.qa:id/loginPasswordEditText"
#x1B[35mDEBUG   #x1B[0m root:page_base.py:77 Element is present: "id: com.directed.android.viper.qa:id/loginPasswordEditText"
#x1B[35mDEBUG   #x1B[0m root:page_base.py:115 Waiting for element to be clickable: "id: com.directed.android.viper.qa:id/loginPasswordEditText"
#x1B[35mDEBUG   #x1B[0m root:page_base.py:119 Element is clickable: "id: com.directed.android.viper.qa:id/loginPasswordEditText"
#x1B[35mDEBUG   #x1B[0m root:page_base.py:145 Clearing text of element: "id: com.directed.android.viper.qa:id/loginPasswordEditText"
#x1B[35mDEBUG   #x1B[0m root:page_base.py:73 Waiting for element to be present: "id: com.directed.android.viper.qa:id/loginPasswordEditText"
#x1B[35mDEBUG   #x1B[0m root:page_base.py:77 Element is present: "id: com.directed.android.viper.qa:id/loginPasswordEditText"
#x1B[35mDEBUG   #x1B[0m root:page_base.py:115 Waiting for element to be clickable: "id: com.directed.android.viper.qa:id/loginPasswordEditText"
#x1B[35mDEBUG   #x1B[0m root:page_base.py:119 Element is clickable: "id: com.directed.android.viper.qa:id/loginPasswordEditText"
[...]
#x1B[35mDEBUG   #x1B[0m root:page_base.py:77 Element is present: "id: com.directed.android.viper.qa:id/loginPasswordEditText"
#x1B[35mDEBUG   #x1B[0m root:page_base.py:115 Waiting for element to be clickable: "id: com.directed.android.viper.qa:id/loginPasswordEditText"
#x1B[35mDEBUG   #x1B[0m root:page_base.py:119 Element is clickable: "id: com.directed.android.viper.qa:id/loginPasswordEditText"
#x1B[35mDEBUG   #x1B[0m root:page_base.py:51 Find element: "id: com.directed.android.viper.qa:id/loginPasswordEditText"
#x1B[35mDEBUG   #x1B[0m root:page_base.py:54 Element found: "id: com.directed.android.viper.qa:id/loginPasswordEditText"
#x1B[35mDEBUG   #x1B[0m root:page_base.py:138 Clicking on element: "id: com.directed.android.viper.qa:id/loginButton"
#x1B[35mDEBUG   #x1B[0m root:page_base.py:73 Waiting for element to be present: "id: com.directed.android.viper.qa:id/loginButton"
#x1B[35mDEBUG   #x1B[0m root:page_base.py:77 Element is present: "id: com.directed.android.viper.qa:id/loginButton"
#x1B[35mDEBUG   #x1B[0m root:page_base.py:115 Waiting for element to be clickable: "id: com.directed.android.viper.qa:id/loginButton"
#x1B[35mDEBUG   #x1B[0m root:page_base.py:119 Element is clickable: "id: com.directed.android.viper.qa:id/loginButton"
#x1B[35mDEBUG   #x1B[0m root:page_base.py:51 Find element: "id: com.directed.android.viper.qa:id/loginButton"
#x1B[35mDEBUG   #x1B[0m root:page_base.py:54 Element found: "id: com.directed.android.viper.qa:id/loginButton"
#x1B[32mINFO    #x1B[0m root:page_welcome.py:24 Clicking button Lets Get Started
#x1B[35mDEBUG   #x1B[0m root:page_base.py:138 Clicking on element: "id: com.directed.android.viper.qa:id/welcomeGetStartedButton"
#x1B[35mDEBUG   #x1B[0m root:page_base.py:73 Waiting for element to be present: "id: com.directed.android.viper.qa:id/welcomeGetStartedButton"
#x1B[35mDEBUG   #x1B[0m root:page_base.py:77 Element is present: "id: com.directed.android.viper.qa:id/welcomeGetStartedButton"
#x1B[35mDEBUG   #x1B[0m root:page_base.py:115 Waiting for element to be clickable: "id: com.directed.android.viper.qa:id/welcomeGetStartedButton"
#x1B[35mDEBUG   #x1B[0m root:page_base.py:119 Element is clickable: "id: com.directed.android.viper.qa:id/welcomeGetStartedButton"
#x1B[35mDEBUG   #x1B[0m root:page_base.py:51 Find element: "id: com.directed.android.viper.qa:id/welcomeGetStartedButton"
#x1B[35mDEBUG   #x1B[0m root:page_base.py:54 Element found: "id: com.directed.android.viper.qa:id/welcomeGetStartedButton"
#x1B[32mINFO    #x1B[0m root:page_choose_dash.py:28 Selecting the dashboard: MODERN
#x1B[35mDEBUG   #x1B[0m root:page_base.py:138 Clicking on element: "accessibility id: Modern"
#x1B[35mDEBUG   #x1B[0m root:page_base.py:73 Waiting for element to be present: "accessibility id: Modern"
#x1B[35mDEBUG   #x1B[0m root:page_base.py:77 Element is present: "accessibility id: Modern"
#x1B[35mDEBUG   #x1B[0m root:page_base.py:115 Waiting for element to be clickable: "accessibility id: Modern"
#x1B[35mDEBUG   #x1B[0m root:page_base.py:119 Element is clickable: "accessibility id: Modern"
#x1B[35mDEBUG   #x1B[0m root:page_base.py:51 Find element: "accessibility id: Modern"
#x1B[35mDEBUG   #x1B[0m root:page_base.py:54 Element found: "accessibility id: Modern"
#x1B[35mDEBUG   #x1B[0m root:page_base.py:138 Clicking on element: "id: com.directed.android.viper.qa:id/selectDashboardContinueButton"
#x1B[35mDEBUG   #x1B[0m root:page_base.py:73 Waiting for element to be present: "id: com.directed.android.viper.qa:id/selectDashboardContinueButton"
#x1B[35mDEBUG   #x1B[0m root:page_base.py:77 Element is present: "id: com.directed.android.viper.qa:id/selectDashboardContinueButton"
#x1B[35mDEBUG   #x1B[0m root:page_base.py:115 Waiting for element to be clickable: "id: com.directed.android.viper.qa:id/selectDashboardContinueButton"
#x1B[35mDEBUG   #x1B[0m root:page_base.py:119 Element is clickable: "id: com.directed.android.viper.qa:id/selectDashboardContinueButton"
#x1B[35mDEBUG   #x1B[0m root:page_base.py:51 Find element: "id: com.directed.android.viper.qa:id/selectDashboardContinueButton"
#x1B[35mDEBUG   #x1B[0m root:page_base.py:54 Element found: "id: com.directed.android.viper.qa:id/selectDashboardContinueButton"
#x1B[32mINFO    #x1B[0m root:page_get_notified.py:21 Selecting the option: yes
#x1B[35mDEBUG   #x1B[0m root:page_base.py:138 Clicking on element: "id: com.directed.android.viper.qa:id/activity_allow_notifications_yes_button"
#x1B[35mDEBUG   #x1B[0m root:page_base.py:73 Waiting for element to be present: "id: com.directed.android.viper.qa:id/activity_allow_notifications_yes_button"
#x1B[35mDEBUG   #x1B[0m root:page_base.py:77 Element is present: "id: com.directed.android.viper.qa:id/activity_allow_notifications_yes_button"
#x1B[35mDEBUG   #x1B[0m root:page_base.py:115 Waiting for element to be clickable: "id: com.directed.android.viper.qa:id/activity_allow_notifications_yes_button"
#x1B[35mDEBUG   #x1B[0m root:page_base.py:119 Element is clickable: "id: com.directed.android.viper.qa:id/activity_allow_notifications_yes_button"
#x1B[35mDEBUG   #x1B[0m root:page_base.py:51 Find element: "id: com.directed.android.viper.qa:id/activity_allow_notifications_yes_button"
#x1B[35mDEBUG   #x1B[0m root:page_base.py:54 Element found: "id: com.directed.android.viper.qa:id/activity_allow_notifications_yes_button"
#x1B[32mINFO    #x1B[0m root:page_get_notified.py:29 Click GOT IT button to close the tutorial overlay
#x1B[35mDEBUG   #x1B[0m root:page_base.py:138 Clicking on element: "id: com.directed.android.viper.qa:id/closeButton"
#x1B[35mDEBUG   #x1B[0m root:page_base.py:73 Waiting for element to be present: "id: com.directed.android.viper.qa:id/closeButton"
#x1B[35mDEBUG   #x1B[0m root:page_base.py:77 Element is present: "id: com.directed.android.viper.qa:id/closeButton"
#x1B[35mDEBUG   #x1B[0m root:page_base.py:115 Waiting for element to be clickable: "id: com.directed.android.viper.qa:id/closeButton"
#x1B[35mDEBUG   #x1B[0m root:page_base.py:119 Element is clickable: "id: com.directed.android.viper.qa:id/closeButton"
#x1B[35mDEBUG   #x1B[0m root:page_base.py:51 Find element: "id: com.directed.android.viper.qa:id/closeButton"
#x1B[35mDEBUG   #x1B[0m root:page_base.py:54 Element found: "id: com.directed.android.viper.qa:id/closeButton"
#x1B[32mINFO    #x1B[0m root:page_dashboard.py:143 Opening the vehicle status page
#x1B[35mDEBUG   #x1B[0m root:page_base.py:138 Clicking on element: "id: com.directed.android.viper.qa:id/toolbar_vehicle_name"
#x1B[35mDEBUG   #x1B[0m root:page_base.py:73 Waiting for element to be present: "id: com.directed.android.viper.qa:id/toolbar_vehicle_name"
#x1B[35mDEBUG   #x1B[0m root:page_base.py:77 Element is present: "id: com.directed.android.viper.qa:id/toolbar_vehicle_name"
#x1B[35mDEBUG   #x1B[0m root:page_base.py:115 Waiting for element to be clickable: "id: com.directed.android.viper.qa:id/toolbar_vehicle_name"
#x1B[35mDEBUG   #x1B[0m root:page_base.py:119 Element is clickable: "id: com.directed.android.viper.qa:id/toolbar_vehicle_name"
#x1B[35mDEBUG   #x1B[0m root:page_base.py:51 Find element: "id: com.directed.android.viper.qa:id/toolbar_vehicle_name"
#x1B[35mDEBUG   #x1B[0m root:page_base.py:54 Element found: "id: com.directed.android.viper.qa:id/toolbar_vehicle_name"
#x1B[32mINFO    #x1B[0m root:page_vehicle_status.py:123 Opening the vehicle setting
#x1B[35mDEBUG   #x1B[0m root:page_base.py:138 Clicking on element: "id: com.directed.android.viper.qa:id/horizontal_scroll_view_activity_sticky_button"
#x1B[35mDEBUG   #x1B[0m root:page_base.py:73 Waiting for element to be present: "id: com.directed.android.viper.qa:id/horizontal_scroll_view_activity_sticky_button"
#x1B[35mDEBUG   #x1B[0m root:page_base.py:77 Element is present: "id: com.directed.android.viper.qa:id/horizontal_scroll_view_activity_sticky_button"
#x1B[35mDEBUG   #x1B[0m root:page_base.py:115 Waiting for element to be clickable: "id: com.directed.android.viper.qa:id/horizontal_scroll_view_activity_sticky_button"
#x1B[35mDEBUG   #x1B[0m root:page_base.py:119 Element is clickable: "id: com.directed.android.viper.qa:id/horizontal_scroll_view_activity_sticky_button"
#x1B[35mDEBUG   #x1B[0m root:page_base.py:51 Find element: "id: com.directed.android.viper.qa:id/horizontal_scroll_view_activity_sticky_button"
#x1B[35mDEBUG   #x1B[0m root:page_base.py:54 Element found: "id: com.directed.android.viper.qa:id/horizontal_scroll_view_activity_sticky_button"
#x1B[32mINFO    #x1B[0m root:page_toolbar.py:31 Getting the title of the page
#x1B[35mDEBUG   #x1B[0m root:page_base.py:168 Getting the text from element: "id: com.directed.android.viper.qa:id/toolbar_title"
#x1B[35mDEBUG   #x1B[0m root:page_base.py:73 Waiting for element to be present: "id: com.directed.android.viper.qa:id/toolbar_title"
#x1B[35mDEBUG   #x1B[0m root:page_base.py:77 Element is present: "id: com.directed.android.viper.qa:id/toolbar_title"
#x1B[35mDEBUG   #x1B[0m root:page_base.py:103 Waiting for element to be visible: "id: com.directed.android.viper.qa:id/toolbar_title"
#x1B[35mDEBUG   #x1B[0m root:page_base.py:107 Element is visible: "id: com.directed.android.viper.qa:id/toolbar_title"
#x1B[35mDEBUG   #x1B[0m root:page_base.py:51 Find element: "id: com.directed.android.viper.qa:id/toolbar_title"
#x1B[35mDEBUG   #x1B[0m root:page_base.py:54 Element found: "id: com.directed.android.viper.qa:id/toolbar_title"
#x1B[32mINFO    #x1B[0m root:page_toolbar.py:33 The title of the page: CUSTOMIZE VEHICLE
#x1B[32mINFO    #x1B[0m root:page_vehicle_settings.py:41 Setting the vehicle model: civic
#x1B[35mDEBUG   #x1B[0m root:page_base.py:152 Setting text "civic" on element: "id: com.directed.android.viper.qa:id/vehicle_settings_activity_model_edit_text"
#x1B[35mDEBUG   #x1B[0m root:page_base.py:73 Waiting for element to be present: "id: com.directed.android.viper.qa:id/vehicle_settings_activity_model_edit_text"
#x1B[35mDEBUG   #x1B[0m root:page_base.py:77 Element is present: "id: com.directed.android.viper.qa:id/vehicle_settings_activity_model_edit_text"
#x1B[35mDEBUG   #x1B[0m root:page_base.py:115 Waiting for element to be clickable: "id: com.directed.android.viper.qa:id/vehicle_settings_activity_model_edit_text"
#x1B[35mDEBUG   #x1B[0m root:page_base.py:119 Element is clickable: "id: com.directed.android.viper.qa:id/vehicle_settings_activity_model_edit_text"
#x1B[35mDEBUG   #x1B[0m root:page_base.py:145 Clearing text of element: "id: com.directed.android.viper.qa:id/vehicle_settings_activity_model_edit_text"
#x1B[35mDEBUG   #x1B[0m root:page_base.py:73 Waiting for element to be present: "id: com.directed.android.viper.qa:id/vehicle_settings_activity_model_edit_text"
#x1B[35mDEBUG   #x1B[0m root:page_base.py:77 Element is present: "id: com.directed.android.viper.qa:id/vehicle_settings_activity_model_edit_text"
#x1B[35mDEBUG   #x1B[0m root:page_base.py:115 Waiting for element to be clickable: "id: com.directed.android.viper.qa:id/vehicle_settings_activity_model_edit_text"
#x1B[35mDEBUG   #x1B[0m root:page_base.py:119 Element is clickable: "id: com.directed.android.viper.qa:id/vehicle_settings_activity_model_edit_text"
#x1B[35mDEBUG   #x1B[0m root:page_base.py:51 Find element: "id: com.directed.android.viper.qa:id/vehicle_settings_activity_model_edit_text"
#x1B[35mDEBUG   #x1B[0m root:page_base.py:54 Element found: "id: com.directed.android.viper.qa:id/vehicle_settings_activity_model_edit_text"
#x1B[35mDEBUG   #x1B[0m root:page_base.py:160 Adding text "civic" to element: "id: com.directed.android.viper.qa:id/vehicle_settings_activity_model_edit_text"
#x1B[35mDEBUG   #x1B[0m root:page_base.py:73 Waiting for element to be present: "id: com.directed.android.viper.qa:id/vehicle_settings_activity_model_edit_text"
#x1B[35mDEBUG   #x1B[0m root:page_base.py:77 Element is present: "id: com.directed.android.viper.qa:id/vehicle_settings_activity_model_edit_text"
#x1B[35mDEBUG   #x1B[0m root:page_base.py:115 Waiting for element to be clickable: "id: com.directed.android.viper.qa:id/vehicle_settings_activity_model_edit_text"
#x1B[35mDEBUG   #x1B[0m root:page_base.py:119 Element is clickable: "id: com.directed.android.viper.qa:id/vehicle_settings_activity_model_edit_text"
#x1B[35mDEBUG   #x1B[0m root:page_base.py:51 Find element: "id: com.directed.android.viper.qa:id/vehicle_settings_activity_model_edit_text"
#x1B[35mDEBUG   #x1B[0m root:page_base.py:54 Element found: "id: com.directed.android.viper.qa:id/vehicle_settings_activity_model_edit_text"
#x1B[32mINFO    #x1B[0m root:page_vehicle_settings.py:45 Clicking on the finish button
#x1B[35mDEBUG   #x1B[0m root:page_base.py:138 Clicking on element: "id: com.directed.android.viper.qa:id/saveButton"
#x1B[35mDEBUG   #x1B[0m root:page_base.py:73 Waiting for element to be present: "id: com.directed.android.viper.qa:id/saveButton"
#x1B[35mDEBUG   #x1B[0m root:page_base.py:77 Element is present: "id: com.directed.android.viper.qa:id/saveButton"
#x1B[35mDEBUG   #x1B[0m root:page_base.py:115 Waiting for element to be clickable: "id: com.directed.android.viper.qa:id/saveButton"
#x1B[35mDEBUG   #x1B[0m root:page_base.py:119 Element is clickable: "id: com.directed.android.viper.qa:id/saveButton"
#x1B[35mDEBUG   #x1B[0m root:page_base.py:51 Find element: "id: com.directed.android.viper.qa:id/saveButton"
#x1B[35mDEBUG   #x1B[0m root:page_base.py:54 Element found: "id: com.directed.android.viper.qa:id/saveButton"
#x1B[32mINFO    #x1B[0m root:page_vehicle_status.py:123 Opening the vehicle setting
#x1B[35mDEBUG   #x1B[0m root:page_base.py:138 Clicking on element: "id: com.directed.android.viper.qa:id/horizontal_scroll_view_activity_sticky_button"
#x1B[35mDEBUG   #x1B[0m root:page_base.py:73 Waiting for element to be present: "id: com.directed.android.viper.qa:id/horizontal_scroll_view_activity_sticky_button"
#x1B[35mDEBUG   #x1B[0m root:page_base.py:77 Element is present: "id: com.directed.android.viper.qa:id/horizontal_scroll_view_activity_sticky_button"
#x1B[35mDEBUG   #x1B[0m root:page_base.py:115 Waiting for element to be clickable: "id: com.directed.android.viper.qa:id/horizontal_scroll_view_activity_sticky_button"
#x1B[35mDEBUG   #x1B[0m root:page_base.py:119 Element is clickable: "id: com.directed.android.viper.qa:id/horizontal_scroll_view_activity_sticky_button"
#x1B[35mDEBUG   #x1B[0m root:page_base.py:51 Find element: "id: com.directed.android.viper.qa:id/horizontal_scroll_view_activity_sticky_button"
#x1B[35mDEBUG   #x1B[0m root:page_base.py:54 Element found: "id: com.directed.android.viper.qa:id/horizontal_scroll_view_activity_sticky_button"
#x1B[32mINFO    #x1B[0m root:page_vehicle_settings.py:35 Getting the vehicle model
#x1B[35mDEBUG   #x1B[0m root:page_base.py:168 Getting the text from element: "id: com.directed.android.viper.qa:id/vehicle_settings_activity_model_edit_text"
#x1B[35mDEBUG   #x1B[0m root:page_base.py:73 Waiting for element to be present: "id: com.directed.android.viper.qa:id/vehicle_settings_activity_model_edit_text"
#x1B[35mDEBUG   #x1B[0m root:page_base.py:77 Element is present: "id: com.directed.android.viper.qa:id/vehicle_settings_activity_model_edit_text"
#x1B[35mDEBUG   #x1B[0m root:page_base.py:103 Waiting for element to be visible: "id: com.directed.android.viper.qa:id/vehicle_settings_activity_model_edit_text"
#x1B[35mDEBUG   #x1B[0m root:page_base.py:107 Element is visible: "id: com.directed.android.viper.qa:id/vehicle_settings_activity_model_edit_text"
#x1B[35mDEBUG   #x1B[0m root:page_base.py:51 Find element: "id: com.directed.android.viper.qa:id/vehicle_settings_activity_model_edit_text"
#x1B[35mDEBUG   #x1B[0m root:page_base.py:54 Element found: "id: com.directed.android.viper.qa:id/vehicle_settings_activity_model_edit_text"
#x1B[32mINFO    #x1B[0m root:page_vehicle_settings.py:37 The vehicle name: civic
#x1B[32mINFO    #x1B[0m root:page_vehicle_settings.py:41 Setting the vehicle model: 
#x1B[35mDEBUG   #x1B[0m root:page_base.py:152 Setting text "" on element: "id: com.directed.android.viper.qa:id/vehicle_settings_activity_model_edit_text"
#x1B[35mDEBUG   #x1B[0m root:page_base.py:73 Waiting for element to be present: "id: com.directed.android.viper.qa:id/vehicle_settings_activity_model_edit_text"
#x1B[35mDEBUG   #x1B[0m root:page_base.py:77 Element is present: "id: com.directed.android.viper.qa:id/vehicle_settings_activity_model_edit_text"
#x1B[35mDEBUG   #x1B[0m root:page_base.py:115 Waiting for element to be clickable: "id: com.directed.android.viper.qa:id/vehicle_settings_activity_model_edit_text"
#x1B[35mDEBUG   #x1B[0m root:page_base.py:119 Element is clickable: "id: com.directed.android.viper.qa:id/vehicle_settings_activity_model_edit_text"
#x1B[35mDEBUG   #x1B[0m root:page_base.py:145 Clearing text of element: "id: com.directed.android.viper.qa:id/vehicle_settings_activity_model_edit_text"
#x1B[35mDEBUG   #x1B[0m root:page_base.py:73 Waiting for element to be present: "id: com.directed.android.viper.qa:id/vehicle_settings_activity_model_edit_text"
#x1B[35mDEBUG   #x1B[0m root:page_base.py:77 Element is present: "id: com.directed.android.viper.qa:id/vehicle_settings_activity_model_edit_text"
#x1B[35mDEBUG   #x1B[0m root:page_base.py:115 Waiting for element to be clickable: "id: com.directed.android.viper.qa:id/vehicle_settings_activity_model_edit_text"
#x1B[35mDEBUG   #x1B[0m root:page_base.py:119 Element is clickable: "id: com.directed.android.viper.qa:id/vehicle_settings_activity_model_edit_text"
#x1B[35mDEBUG   #x1B[0m root:page_base.py:51 Find element: "id: com.directed.android.viper.qa:id/vehicle_settings_activity_model_edit_text"
#x1B[35mDEBUG   #x1B[0m root:page_base.py:54 Element found: "id: com.directed.android.viper.qa:id/vehicle_settings_activity_model_edit_text"
#x1B[35mDEBUG   #x1B[0m root:page_base.py:160 Adding text "" to element: "id: com.directed.android.viper.qa:id/vehicle_settings_activity_model_edit_text"
#x1B[35mDEBUG   #x1B[0m root:page_base.py:73 Waiting for element to be present: "id: com.directed.android.viper.qa:id/vehicle_settings_activity_model_edit_text"
#x1B[35mDEBUG   #x1B[0m root:page_base.py:77 Element is present: "id: com.directed.android.viper.qa:id/vehicle_settings_activity_model_edit_text"
#x1B[35mDEBUG   #x1B[0m root:page_base.py:115 Waiting for element to be clickable: "id: com.directed.android.viper.qa:id/vehicle_settings_activity_model_edit_text"
#x1B[35mDEBUG   #x1B[0m root:page_base.py:119 Element is clickable: "id: com.directed.android.viper.qa:id/vehicle_settings_activity_model_edit_text"
#x1B[35mDEBUG   #x1B[0m root:page_base.py:51 Find element: "id: com.directed.android.viper.qa:id/vehicle_settings_activity_model_edit_text"
#x1B[35mDEBUG   #x1B[0m root:page_base.py:54 Element found: "id: com.directed.android.viper.qa:id/vehicle_settings_activity_model_edit_text"
#x1B[32mINFO    #x1B[0m root:page_vehicle_settings.py:45 Clicking on the finish button
#x1B[35mDEBUG   #x1B[0m root:page_base.py:138 Clicking on element: "id: com.directed.android.viper.qa:id/saveButton"
#x1B[35mDEBUG   #x1B[0m root:page_base.py:73 Waiting for element to be present: "id: com.directed.android.viper.qa:id/saveButton"
#x1B[35mDEBUG   #x1B[0m root:page_base.py:77 Element is present: "id: com.directed.android.viper.qa:id/saveButton"
#x1B[35mDEBUG   #x1B[0m root:page_base.py:115 Waiting for element to be clickable: "id: com.directed.android.viper.qa:id/saveButton"
#x1B[35mDEBUG   #x1B[0m root:page_base.py:119 Element is clickable: "id: com.directed.android.viper.qa:id/saveButton"
#x1B[35mDEBUG   #x1B[0m root:page_base.py:51 Find element: "id: com.directed.android.viper.qa:id/saveButton"
#x1B[35mDEBUG   #x1B[0m root:page_base.py:54 Element found: "id: com.directed.android.viper.qa:id/saveButton"
--------------------------------- Captured Out ---------------------------------

</system-out><system-err>--------------------------------- Captured Err ---------------------------------
Direct connect capabilities from server were:
directConnectProtocol: '' directConnectHost: '' directConnectPort: '' directConnectPath: '' 

</system-err></testcase></testsuite></testsuites>